2024-08-23 20:43:15,209 [INFO] django.utils.autoreload: Watching for file changes with StatReloader
2024-08-23 20:45:48,400 [INFO] django.utils.autoreload: D:\Durgesh\Projects\VSCode\Fiserv\Automate\AutoMate\bookings\views.py changed, reloading.
2024-08-23 20:45:48,897 [INFO] django.utils.autoreload: Watching for file changes with StatReloader
2024-08-23 20:46:20,367 [INFO] bookings.views: Received delete request for Booking ID: 50
2024-08-23 20:46:20,371 [INFO] bookings.views: Preparing to delete Booking with internal ID: 50 - Owner: f94gdos
2024-08-23 20:46:20,373 [INFO] bookings.views: SSH Command: ssh f94gdos@3.252.249.135
2024-08-23 20:46:20,411 [INFO] paramiko.transport: Connected (version 2.0, client OpenSSH_8.7)
2024-08-23 20:46:20,743 [INFO] paramiko.transport: Authentication (publickey) successful!
2024-08-23 20:46:20,949 [INFO] bookings.views: Cron entries to be deleted for Booking ID 3:
0 8 25 8 * booking.sh VisaRoute 10.20.7.18 # Booking ID: 3
0 13 25 8 * booking.sh VisaRoute 10.20.7.18 # Booking ID: 3
0 13 23 8 * bookings.sh VisaRoute 10.20.7.18 # Booking ID: 3
0 18 23 8 * bookings.sh VisaRoute 10.20.7.18 # Booking ID: 3
2024-08-23 20:46:21,574 [INFO] bookings.views: Successfully deleted Booking with internal ID: 3
2024-08-23 20:46:32,613 [INFO] bookings.views: Received delete request for Booking ID: 49
2024-08-23 20:46:32,616 [INFO] bookings.views: Preparing to delete Booking with internal ID: 49 - Owner: f94gdos
2024-08-23 20:46:32,617 [INFO] bookings.views: SSH Command: ssh f94gdos@3.252.249.135
2024-08-23 20:46:32,657 [INFO] paramiko.transport: Connected (version 2.0, client OpenSSH_8.7)
2024-08-23 20:46:32,995 [INFO] paramiko.transport: Authentication (publickey) successful!
2024-08-23 20:46:33,182 [INFO] bookings.views: Cron entries to be deleted for Booking ID 2:
0 13 24 8 * booking.sh VisaRoute 10.20.7.18 # Booking ID: 2
0 18 24 8 * booking.sh VisaRoute 10.20.7.18 # Booking ID: 2
0 8 24 8 * bookings.sh VisaRoute 10.20.7.18 # Booking ID: 2
0 13 24 8 * bookings.sh VisaRoute 10.20.7.18 # Booking ID: 2
2024-08-23 20:46:33,542 [INFO] bookings.views: Successfully deleted Booking with internal ID: 2
2024-08-23 20:49:59,292 [INFO] paramiko.transport: Connected (version 2.0, client OpenSSH_8.7)
2024-08-23 20:49:59,618 [INFO] paramiko.transport: Authentication (publickey) successful!
2024-08-23 20:49:59,619 [INFO] bookings.forms: Successfully connected to 3.252.249.135 via SSH for Booking ID: 5
2024-08-23 20:49:59,969 [INFO] bookings.forms: Added Cron Job for Booking ID: 5, Command: 0 8 27 8 * bookings.sh VisaRoute 10.20.7.18 # Booking ID: 5
2024-08-23 20:50:00,162 [INFO] bookings.forms: Added Cron Job for Booking ID: 5, Command: 0 13 27 8 * bookings.sh VisaRoute 10.20.7.18 # Booking ID: 5
2024-08-23 20:50:00,577 [INFO] bookings.views: New booking created successfully
2024-08-23 20:50:00,587 [INFO] bookings.views: Accessed the calendar view
2024-08-23 20:54:26,078 [INFO] django.utils.autoreload: D:\Durgesh\Projects\VSCode\Fiserv\Automate\AutoMate\bookings\forms.py changed, reloading.
2024-08-23 20:54:26,650 [INFO] django.utils.autoreload: Watching for file changes with StatReloader
2024-08-23 20:54:47,897 [INFO] django.utils.autoreload: D:\Durgesh\Projects\VSCode\Fiserv\Automate\AutoMate\bookings\admin.py changed, reloading.
2024-08-23 20:54:48,453 [INFO] django.utils.autoreload: Watching for file changes with StatReloader
2024-08-23 20:55:50,877 [INFO] django.utils.autoreload: D:\Durgesh\Projects\VSCode\Fiserv\Automate\AutoMate\bookings\models.py changed, reloading.
2024-08-23 20:55:51,476 [INFO] django.utils.autoreload: Watching for file changes with StatReloader
2024-08-23 20:56:55,878 [INFO] django.utils.autoreload: D:\Durgesh\Projects\VSCode\Fiserv\Automate\AutoMate\bookings\models.py changed, reloading.
2024-08-23 20:56:56,430 [INFO] django.utils.autoreload: Watching for file changes with StatReloader
2024-08-23 20:57:16,566 [INFO] django.utils.autoreload: D:\Durgesh\Projects\VSCode\Fiserv\Automate\AutoMate\bookings\models.py changed, reloading.
2024-08-23 20:57:17,144 [INFO] django.utils.autoreload: Watching for file changes with StatReloader
2024-08-23 20:57:29,008 [INFO] django.utils.autoreload: D:\Durgesh\Projects\VSCode\Fiserv\Automate\AutoMate\bookings\models.py changed, reloading.
2024-08-23 20:57:29,566 [INFO] django.utils.autoreload: Watching for file changes with StatReloader
2024-08-23 20:57:36,274 [INFO] django.utils.autoreload: D:\Durgesh\Projects\VSCode\Fiserv\Automate\AutoMate\bookings\models.py changed, reloading.
2024-08-23 20:57:36,935 [INFO] django.utils.autoreload: Watching for file changes with StatReloader
2024-08-23 21:21:27,445 [INFO] django.utils.autoreload: Watching for file changes with StatReloader
2024-08-23 21:21:35,738 [INFO] bookings.views: Accessed the calendar view
2024-08-23 21:21:55,247 [INFO] bookings.forms: Scheme types have been updated based on the scheme selection.
2024-08-23 21:21:55,249 [INFO] bookings.forms: Date range parsed and validated.
2024-08-23 21:21:55,258 [INFO] bookings.forms: Form validation completed successfully.
2024-08-23 21:21:55,271 [INFO] bookings.models: Created new Booking with ID: 6
2024-08-23 21:21:55,302 [ERROR] django.request: Internal Server Error: /bookings/book/
Traceback (most recent call last):
  File "D:\Durgesh\Projects\VSCode\Fiserv\Automate\Lib\site-packages\django\core\handlers\exception.py", line 55, in inner
    response = get_response(request)
               ^^^^^^^^^^^^^^^^^^^^^
  File "D:\Durgesh\Projects\VSCode\Fiserv\Automate\Lib\site-packages\django\core\handlers\base.py", line 197, in _get_response
    response = wrapped_callback(request, *callback_args, **callback_kwargs)
               ^^^^^^^^^^^^^^^^^^^^^^^^^^^^^^^^^^^^^^^^^^^^^^^^^^^^^^^^^^^^
  File "D:\Durgesh\Projects\VSCode\Fiserv\Automate\AutoMate\bookings\views.py", line 161, in book_booking
    form.save()
  File "D:\Durgesh\Projects\VSCode\Fiserv\Automate\AutoMate\bookings\forms.py", line 135, in save
    ssh_client = self._generate_ssh_command(instance)
                 ^^^^^^^^^^^^^^^^^^^^^^^^^^
AttributeError: 'BookingForm' object has no attribute '_generate_ssh_command'
2024-08-23 21:22:06,951 [INFO] bookings.forms: Scheme types have been updated based on the scheme selection.
2024-08-23 21:22:06,951 [INFO] bookings.forms: Date range parsed and validated.
2024-08-23 21:22:06,983 [INFO] bookings.forms: Form validation completed successfully.
2024-08-23 21:22:07,005 [INFO] bookings.models: Created new Booking with ID: 6
2024-08-23 21:22:07,027 [ERROR] django.request: Internal Server Error: /bookings/book/
Traceback (most recent call last):
  File "D:\Durgesh\Projects\VSCode\Fiserv\Automate\Lib\site-packages\django\core\handlers\exception.py", line 55, in inner
    response = get_response(request)
               ^^^^^^^^^^^^^^^^^^^^^
  File "D:\Durgesh\Projects\VSCode\Fiserv\Automate\Lib\site-packages\django\core\handlers\base.py", line 197, in _get_response
    response = wrapped_callback(request, *callback_args, **callback_kwargs)
               ^^^^^^^^^^^^^^^^^^^^^^^^^^^^^^^^^^^^^^^^^^^^^^^^^^^^^^^^^^^^
  File "D:\Durgesh\Projects\VSCode\Fiserv\Automate\AutoMate\bookings\views.py", line 161, in book_booking
    form.save()
  File "D:\Durgesh\Projects\VSCode\Fiserv\Automate\AutoMate\bookings\forms.py", line 135, in save
    ssh_client = self._generate_ssh_command(instance)
                 ^^^^^^^^^^^^^^^^^^^^^^^^^^
AttributeError: 'BookingForm' object has no attribute '_generate_ssh_command'
2024-08-23 21:31:27,164 [INFO] django.utils.autoreload: D:\Durgesh\Projects\VSCode\Fiserv\Automate\AutoMate\bookings\forms.py changed, reloading.
2024-08-23 21:31:27,733 [INFO] django.utils.autoreload: Watching for file changes with StatReloader
2024-08-23 21:31:31,324 [INFO] bookings.models: Created new Booking with ID: 6
2024-08-23 21:31:31,368 [INFO] paramiko.transport: Connected (version 2.0, client OpenSSH_8.7)
2024-08-23 21:31:31,705 [INFO] paramiko.transport: Authentication (publickey) successful!
2024-08-23 21:31:31,706 [INFO] bookings.forms: Successfully connected to 3.252.249.135 via SSH for Booking ID: 6
2024-08-23 21:31:32,030 [INFO] bookings.forms: Added Cron Job for Booking ID: 6, Command: 0 13 1 8 * bookings.sh VisaRoute 10.20.7.18 # Booking ID: 6
2024-08-23 21:31:32,216 [INFO] bookings.forms: Added Cron Job for Booking ID: 6, Command: 0 18 1 8 * bookings.sh VisaRoute 10.20.7.18 # Booking ID: 6
2024-08-23 21:31:32,408 [INFO] bookings.forms: Added Cron Job for Booking ID: 6, Command: 0 13 2 8 * bookings.sh VisaRoute 10.20.7.18 # Booking ID: 6
2024-08-23 21:31:32,587 [INFO] bookings.forms: Added Cron Job for Booking ID: 6, Command: 0 18 2 8 * bookings.sh VisaRoute 10.20.7.18 # Booking ID: 6
2024-08-23 21:31:32,765 [INFO] bookings.forms: Added Cron Job for Booking ID: 6, Command: 0 13 3 8 * bookings.sh VisaRoute 10.20.7.18 # Booking ID: 6
2024-08-23 21:31:32,944 [INFO] bookings.forms: Added Cron Job for Booking ID: 6, Command: 0 18 3 8 * bookings.sh VisaRoute 10.20.7.18 # Booking ID: 6
2024-08-23 21:31:33,130 [INFO] bookings.forms: Added Cron Job for Booking ID: 6, Command: 0 13 4 8 * bookings.sh VisaRoute 10.20.7.18 # Booking ID: 6
2024-08-23 21:31:33,316 [INFO] bookings.forms: Added Cron Job for Booking ID: 6, Command: 0 18 4 8 * bookings.sh VisaRoute 10.20.7.18 # Booking ID: 6
2024-08-23 21:31:33,494 [INFO] bookings.forms: Added Cron Job for Booking ID: 6, Command: 0 13 5 8 * bookings.sh VisaRoute 10.20.7.18 # Booking ID: 6
2024-08-23 21:31:33,674 [INFO] bookings.forms: Added Cron Job for Booking ID: 6, Command: 0 18 5 8 * bookings.sh VisaRoute 10.20.7.18 # Booking ID: 6
2024-08-23 21:31:33,857 [INFO] bookings.forms: Added Cron Job for Booking ID: 6, Command: 0 13 6 8 * bookings.sh VisaRoute 10.20.7.18 # Booking ID: 6
2024-08-23 21:31:34,045 [INFO] bookings.forms: Added Cron Job for Booking ID: 6, Command: 0 18 6 8 * bookings.sh VisaRoute 10.20.7.18 # Booking ID: 6
2024-08-23 21:31:34,226 [INFO] bookings.forms: Added Cron Job for Booking ID: 6, Command: 0 13 7 8 * bookings.sh VisaRoute 10.20.7.18 # Booking ID: 6
2024-08-23 21:31:34,434 [INFO] bookings.forms: Added Cron Job for Booking ID: 6, Command: 0 18 7 8 * bookings.sh VisaRoute 10.20.7.18 # Booking ID: 6
2024-08-23 21:31:34,616 [INFO] bookings.forms: Added Cron Job for Booking ID: 6, Command: 0 13 8 8 * bookings.sh VisaRoute 10.20.7.18 # Booking ID: 6
2024-08-23 21:31:34,808 [INFO] bookings.forms: Added Cron Job for Booking ID: 6, Command: 0 18 8 8 * bookings.sh VisaRoute 10.20.7.18 # Booking ID: 6
2024-08-23 21:31:35,002 [INFO] bookings.forms: Added Cron Job for Booking ID: 6, Command: 0 13 9 8 * bookings.sh VisaRoute 10.20.7.18 # Booking ID: 6
2024-08-23 21:31:35,183 [INFO] bookings.forms: Added Cron Job for Booking ID: 6, Command: 0 18 9 8 * bookings.sh VisaRoute 10.20.7.18 # Booking ID: 6
2024-08-23 21:31:35,367 [INFO] bookings.forms: Added Cron Job for Booking ID: 6, Command: 0 13 10 8 * bookings.sh VisaRoute 10.20.7.18 # Booking ID: 6
2024-08-23 21:31:35,554 [INFO] bookings.forms: Added Cron Job for Booking ID: 6, Command: 0 18 10 8 * bookings.sh VisaRoute 10.20.7.18 # Booking ID: 6
2024-08-23 21:31:35,737 [INFO] bookings.forms: Added Cron Job for Booking ID: 6, Command: 0 13 11 8 * bookings.sh VisaRoute 10.20.7.18 # Booking ID: 6
2024-08-23 21:31:35,932 [INFO] bookings.forms: Added Cron Job for Booking ID: 6, Command: 0 18 11 8 * bookings.sh VisaRoute 10.20.7.18 # Booking ID: 6
2024-08-23 21:31:36,122 [INFO] bookings.forms: Added Cron Job for Booking ID: 6, Command: 0 13 12 8 * bookings.sh VisaRoute 10.20.7.18 # Booking ID: 6
2024-08-23 21:31:36,309 [INFO] bookings.forms: Added Cron Job for Booking ID: 6, Command: 0 18 12 8 * bookings.sh VisaRoute 10.20.7.18 # Booking ID: 6
2024-08-23 21:31:36,497 [INFO] bookings.forms: Added Cron Job for Booking ID: 6, Command: 0 13 13 8 * bookings.sh VisaRoute 10.20.7.18 # Booking ID: 6
2024-08-23 21:31:36,690 [INFO] bookings.forms: Added Cron Job for Booking ID: 6, Command: 0 18 13 8 * bookings.sh VisaRoute 10.20.7.18 # Booking ID: 6
2024-08-23 21:31:36,879 [INFO] bookings.forms: Added Cron Job for Booking ID: 6, Command: 0 13 14 8 * bookings.sh VisaRoute 10.20.7.18 # Booking ID: 6
2024-08-23 21:31:37,072 [INFO] bookings.forms: Added Cron Job for Booking ID: 6, Command: 0 18 14 8 * bookings.sh VisaRoute 10.20.7.18 # Booking ID: 6
2024-08-23 21:31:37,263 [INFO] bookings.forms: Added Cron Job for Booking ID: 6, Command: 0 13 15 8 * bookings.sh VisaRoute 10.20.7.18 # Booking ID: 6
2024-08-23 21:31:37,464 [INFO] bookings.forms: Added Cron Job for Booking ID: 6, Command: 0 18 15 8 * bookings.sh VisaRoute 10.20.7.18 # Booking ID: 6
2024-08-23 21:31:37,650 [INFO] bookings.forms: Added Cron Job for Booking ID: 6, Command: 0 13 16 8 * bookings.sh VisaRoute 10.20.7.18 # Booking ID: 6
2024-08-23 21:31:37,838 [INFO] bookings.forms: Added Cron Job for Booking ID: 6, Command: 0 18 16 8 * bookings.sh VisaRoute 10.20.7.18 # Booking ID: 6
2024-08-23 21:31:38,036 [INFO] bookings.forms: Added Cron Job for Booking ID: 6, Command: 0 13 17 8 * bookings.sh VisaRoute 10.20.7.18 # Booking ID: 6
2024-08-23 21:31:38,225 [INFO] bookings.forms: Added Cron Job for Booking ID: 6, Command: 0 18 17 8 * bookings.sh VisaRoute 10.20.7.18 # Booking ID: 6
2024-08-23 21:31:38,411 [INFO] bookings.forms: Added Cron Job for Booking ID: 6, Command: 0 13 18 8 * bookings.sh VisaRoute 10.20.7.18 # Booking ID: 6
2024-08-23 21:31:38,598 [INFO] bookings.forms: Added Cron Job for Booking ID: 6, Command: 0 18 18 8 * bookings.sh VisaRoute 10.20.7.18 # Booking ID: 6
2024-08-23 21:31:38,786 [INFO] bookings.forms: Added Cron Job for Booking ID: 6, Command: 0 13 19 8 * bookings.sh VisaRoute 10.20.7.18 # Booking ID: 6
2024-08-23 21:31:38,978 [INFO] bookings.forms: Added Cron Job for Booking ID: 6, Command: 0 18 19 8 * bookings.sh VisaRoute 10.20.7.18 # Booking ID: 6
2024-08-23 21:31:39,168 [INFO] bookings.forms: Added Cron Job for Booking ID: 6, Command: 0 13 20 8 * bookings.sh VisaRoute 10.20.7.18 # Booking ID: 6
2024-08-23 21:31:39,357 [INFO] bookings.forms: Added Cron Job for Booking ID: 6, Command: 0 18 20 8 * bookings.sh VisaRoute 10.20.7.18 # Booking ID: 6
2024-08-23 21:31:39,547 [INFO] bookings.forms: Added Cron Job for Booking ID: 6, Command: 0 13 21 8 * bookings.sh VisaRoute 10.20.7.18 # Booking ID: 6
2024-08-23 21:31:39,745 [INFO] bookings.forms: Added Cron Job for Booking ID: 6, Command: 0 18 21 8 * bookings.sh VisaRoute 10.20.7.18 # Booking ID: 6
2024-08-23 21:31:39,936 [INFO] bookings.forms: Added Cron Job for Booking ID: 6, Command: 0 13 22 8 * bookings.sh VisaRoute 10.20.7.18 # Booking ID: 6
2024-08-23 21:31:40,120 [INFO] bookings.forms: Added Cron Job for Booking ID: 6, Command: 0 18 22 8 * bookings.sh VisaRoute 10.20.7.18 # Booking ID: 6
2024-08-23 21:31:40,312 [INFO] bookings.forms: Added Cron Job for Booking ID: 6, Command: 0 13 23 8 * bookings.sh VisaRoute 10.20.7.18 # Booking ID: 6
2024-08-23 21:31:40,504 [INFO] bookings.forms: Added Cron Job for Booking ID: 6, Command: 0 18 23 8 * bookings.sh VisaRoute 10.20.7.18 # Booking ID: 6
2024-08-23 21:31:40,688 [INFO] bookings.forms: Added Cron Job for Booking ID: 6, Command: 0 13 24 8 * bookings.sh VisaRoute 10.20.7.18 # Booking ID: 6
2024-08-23 21:31:40,870 [INFO] bookings.forms: Added Cron Job for Booking ID: 6, Command: 0 18 24 8 * bookings.sh VisaRoute 10.20.7.18 # Booking ID: 6
2024-08-23 21:31:41,056 [INFO] bookings.forms: Added Cron Job for Booking ID: 6, Command: 0 13 25 8 * bookings.sh VisaRoute 10.20.7.18 # Booking ID: 6
2024-08-23 21:31:41,255 [INFO] bookings.forms: Added Cron Job for Booking ID: 6, Command: 0 18 25 8 * bookings.sh VisaRoute 10.20.7.18 # Booking ID: 6
2024-08-23 21:31:41,435 [INFO] bookings.forms: Added Cron Job for Booking ID: 6, Command: 0 13 26 8 * bookings.sh VisaRoute 10.20.7.18 # Booking ID: 6
2024-08-23 21:31:41,617 [INFO] bookings.forms: Added Cron Job for Booking ID: 6, Command: 0 18 26 8 * bookings.sh VisaRoute 10.20.7.18 # Booking ID: 6
2024-08-23 21:31:41,797 [INFO] bookings.forms: Added Cron Job for Booking ID: 6, Command: 0 13 27 8 * bookings.sh VisaRoute 10.20.7.18 # Booking ID: 6
2024-08-23 21:31:41,986 [INFO] bookings.forms: Added Cron Job for Booking ID: 6, Command: 0 18 27 8 * bookings.sh VisaRoute 10.20.7.18 # Booking ID: 6
2024-08-23 21:31:42,173 [INFO] bookings.forms: Added Cron Job for Booking ID: 6, Command: 0 13 28 8 * bookings.sh VisaRoute 10.20.7.18 # Booking ID: 6
2024-08-23 21:31:42,360 [INFO] bookings.forms: Added Cron Job for Booking ID: 6, Command: 0 18 28 8 * bookings.sh VisaRoute 10.20.7.18 # Booking ID: 6
2024-08-23 21:31:42,549 [INFO] bookings.forms: Added Cron Job for Booking ID: 6, Command: 0 13 29 8 * bookings.sh VisaRoute 10.20.7.18 # Booking ID: 6
2024-08-23 21:31:42,736 [INFO] bookings.forms: Added Cron Job for Booking ID: 6, Command: 0 18 29 8 * bookings.sh VisaRoute 10.20.7.18 # Booking ID: 6
2024-08-23 21:31:42,917 [INFO] bookings.forms: Added Cron Job for Booking ID: 6, Command: 0 13 30 8 * bookings.sh VisaRoute 10.20.7.18 # Booking ID: 6
2024-08-23 21:31:43,100 [INFO] bookings.forms: Added Cron Job for Booking ID: 6, Command: 0 18 30 8 * bookings.sh VisaRoute 10.20.7.18 # Booking ID: 6
2024-08-23 21:31:43,334 [INFO] bookings.forms: Added Cron Job for Booking ID: 6, Command: 0 13 31 8 * bookings.sh VisaRoute 10.20.7.18 # Booking ID: 6
2024-08-23 21:31:43,518 [INFO] bookings.forms: Added Cron Job for Booking ID: 6, Command: 0 18 31 8 * bookings.sh VisaRoute 10.20.7.18 # Booking ID: 6
2024-08-23 21:31:43,608 [INFO] bookings.views: New booking created successfully
2024-08-23 21:31:43,619 [INFO] bookings.views: Accessed the calendar view
2024-08-23 22:12:18,191 [INFO] django.utils.autoreload: D:\Durgesh\Projects\VSCode\Fiserv\Automate\AutoMate\bookings\forms.py changed, reloading.
2024-08-23 22:12:18,736 [INFO] django.utils.autoreload: Watching for file changes with StatReloader
2024-08-23 22:50:23,313 [WARNING] django.request: Not Found: /binlocking
2024-08-23 22:50:30,149 [WARNING] django.request: Not Found: /binbocking
2024-08-23 22:50:37,268 [WARNING] django.request: Not Found: /binblocking
2024-08-23 22:50:49,726 [WARNING] django.request: Not Found: /binblocking
2024-08-23 22:51:55,442 [INFO] django.utils.autoreload: D:\Durgesh\Projects\VSCode\Fiserv\Automate\AutoMate\AutoMate\settings.py changed, reloading.
2024-08-23 22:51:56,116 [INFO] django.utils.autoreload: Watching for file changes with StatReloader
2024-08-23 22:52:00,826 [INFO] django.utils.autoreload: D:\Durgesh\Projects\VSCode\Fiserv\Automate\AutoMate\AutoMate\settings.py changed, reloading.
2024-08-23 22:52:01,332 [INFO] django.utils.autoreload: Watching for file changes with StatReloader
2024-08-23 22:52:03,599 [WARNING] django.request: Not Found: /binblocking
2024-08-23 22:52:06,020 [WARNING] django.request: Not Found: /binblocking
2024-08-23 22:52:11,350 [INFO] django.utils.autoreload: D:\Durgesh\Projects\VSCode\Fiserv\Automate\AutoMate\AutoMate\settings.py changed, reloading.
2024-08-23 22:52:11,839 [INFO] django.utils.autoreload: Watching for file changes with StatReloader
2024-08-23 22:52:26,791 [INFO] django.utils.autoreload: D:\Durgesh\Projects\VSCode\Fiserv\Automate\AutoMate\AutoMate\urls.py changed, reloading.
2024-08-23 22:52:27,323 [INFO] django.utils.autoreload: Watching for file changes with StatReloader
2024-08-23 22:54:08,754 [INFO] django.utils.autoreload: D:\Durgesh\Projects\VSCode\Fiserv\Automate\AutoMate\binblocking\views.py changed, reloading.
2024-08-23 22:54:09,286 [INFO] django.utils.autoreload: Watching for file changes with StatReloader
2024-08-23 22:54:18,911 [INFO] django.utils.autoreload: D:\Durgesh\Projects\VSCode\Fiserv\Automate\AutoMate\binblocking\views.py changed, reloading.
2024-08-23 22:54:19,422 [INFO] django.utils.autoreload: Watching for file changes with StatReloader
2024-08-23 22:54:46,555 [INFO] django.utils.autoreload: D:\Durgesh\Projects\VSCode\Fiserv\Automate\AutoMate\binblocking\views.py changed, reloading.
2024-08-23 22:54:47,118 [INFO] django.utils.autoreload: Watching for file changes with StatReloader
2024-08-23 22:54:52,829 [INFO] django.utils.autoreload: D:\Durgesh\Projects\VSCode\Fiserv\Automate\AutoMate\binblocking\views.py changed, reloading.
2024-08-23 22:54:53,364 [INFO] django.utils.autoreload: Watching for file changes with StatReloader
2024-08-23 22:55:28,900 [INFO] django.utils.autoreload: Watching for file changes with StatReloader
2024-08-24 08:00:13,308 [INFO] django.utils.autoreload: Watching for file changes with StatReloader
2024-08-24 18:57:04,364 [INFO] django.utils.autoreload: Watching for file changes with StatReloader
2024-08-24 18:57:19,443 [INFO] django.utils.autoreload: D:\Durgesh\Projects\VSCode\Fiserv\Automate\AutoMate\AutoMate\settings.py changed, reloading.
2024-08-25 03:52:43,745 [INFO] django.utils.autoreload: Watching for file changes with StatReloader
2024-08-25 03:52:44,338 [INFO] binblocking.views: Started processing bins
2024-08-25 03:52:44,339 [INFO] binblocking.views: Received a non-POST request
2024-08-25 03:52:45,861 [INFO] binblocking.views: Started processing bins
2024-08-25 03:52:45,863 [INFO] binblocking.views: Total input values: 4
2024-08-25 03:52:45,864 [INFO] binblocking.views: Duplicates removed: 1
2024-08-25 03:52:45,864 [INFO] binblocking.views: Unique values after removing subsets: 3
2024-08-25 03:52:45,865 [INFO] binblocking.views: Combining consecutive bins
2024-08-25 03:52:45,866 [INFO] binblocking.views: Total consecutive bins combined: 0
2024-08-25 03:52:45,867 [INFO] binblocking.views: Consecutive values combined: 0
2024-08-25 03:52:45,871 [INFO] binblocking.views: Processed bins stored in session
2024-08-25 03:52:45,872 [INFO] binblocking.views: Attempting to fetch PROD database connection details
2024-08-25 03:52:45,873 [INFO] binblocking.views: Fetched database connection for prod_mysql
2024-08-25 03:52:45,950 [INFO] binblocking.views: Query executed successfully and data retrieved
2024-08-25 03:55:03,984 [INFO] django.utils.autoreload: D:\Durgesh\Projects\VSCode\Fiserv\Automate\AutoMate\binblocking\views.py changed, reloading.
2024-08-25 03:55:04,597 [INFO] django.utils.autoreload: Watching for file changes with StatReloader
2024-08-25 03:55:07,370 [INFO] binblocking.views: Started processing bins
2024-08-25 03:55:07,371 [INFO] binblocking.views: Received a non-POST request
2024-08-25 03:55:08,455 [INFO] binblocking.views: Started processing bins
2024-08-25 03:55:08,456 [INFO] binblocking.views: Total input values: 4
2024-08-25 03:55:08,458 [INFO] binblocking.views: Duplicates removed: 1
2024-08-25 03:55:08,458 [INFO] binblocking.views: Unique values after removing subsets: 3
2024-08-25 03:55:08,458 [INFO] binblocking.views: Combining consecutive bins
2024-08-25 03:55:08,459 [INFO] binblocking.views: Total consecutive bins combined: 0
2024-08-25 03:55:08,460 [INFO] binblocking.views: Consecutive values combined: 0
2024-08-25 03:55:08,463 [INFO] binblocking.views: Processed bins stored in session
2024-08-25 03:55:08,464 [INFO] binblocking.views: Attempting to fetch PROD database connection details
2024-08-25 03:55:08,465 [INFO] binblocking.views: Fetched database connection for prod_mysql
2024-08-25 03:55:08,524 [ERROR] binblocking.views: Unexpected error: Object of type date is not JSON serializable
2024-08-25 03:55:38,146 [INFO] django.utils.autoreload: D:\Durgesh\Projects\VSCode\Fiserv\Automate\AutoMate\binblocking\views.py changed, reloading.
2024-08-25 03:55:38,720 [INFO] django.utils.autoreload: Watching for file changes with StatReloader
2024-08-25 03:55:51,019 [INFO] django.utils.autoreload: D:\Durgesh\Projects\VSCode\Fiserv\Automate\AutoMate\binblocking\views.py changed, reloading.
2024-08-25 03:55:51,690 [INFO] django.utils.autoreload: Watching for file changes with StatReloader
2024-08-25 03:55:55,239 [INFO] binblocking.views: Started processing bins
2024-08-25 03:55:55,240 [INFO] binblocking.views: Received a non-POST request
2024-08-25 03:55:56,600 [INFO] binblocking.views: Started processing bins
2024-08-25 03:55:56,602 [INFO] binblocking.views: Total input values: 4
2024-08-25 03:55:56,603 [INFO] binblocking.views: Duplicates removed: 1
2024-08-25 03:55:56,603 [INFO] binblocking.views: Unique values after removing subsets: 3
2024-08-25 03:55:56,604 [INFO] binblocking.views: Combining consecutive bins
2024-08-25 03:55:56,605 [INFO] binblocking.views: Total consecutive bins combined: 0
2024-08-25 03:55:56,606 [INFO] binblocking.views: Consecutive values combined: 0
2024-08-25 03:55:56,611 [INFO] binblocking.views: Processed bins stored in session
2024-08-25 03:55:56,612 [INFO] binblocking.views: Attempting to fetch PROD database connection details
2024-08-25 03:55:56,614 [INFO] binblocking.views: Fetched database connection for prod_mysql
2024-08-25 03:55:56,691 [INFO] binblocking.views: Query executed successfully and data retrieved
2024-08-25 03:59:36,536 [INFO] binblocking.views: Started processing bins
2024-08-25 03:59:36,537 [INFO] binblocking.views: Received a non-POST request
2024-08-25 03:59:37,858 [INFO] binblocking.views: Started processing bins
2024-08-25 03:59:37,860 [INFO] binblocking.views: Total input values: 4
2024-08-25 03:59:37,861 [INFO] binblocking.views: Duplicates removed: 1
2024-08-25 03:59:37,861 [INFO] binblocking.views: Unique values after removing subsets: 3
2024-08-25 03:59:37,863 [INFO] binblocking.views: Combining consecutive bins
2024-08-25 03:59:37,864 [INFO] binblocking.views: Total consecutive bins combined: 0
2024-08-25 03:59:37,864 [INFO] binblocking.views: Consecutive values combined: 0
2024-08-25 03:59:37,870 [INFO] binblocking.views: Processed bins stored in session
2024-08-25 03:59:37,870 [INFO] binblocking.views: Attempting to fetch PROD database connection details
2024-08-25 03:59:37,872 [INFO] binblocking.views: Fetched database connection for prod_mysql
2024-08-25 03:59:37,914 [INFO] binblocking.views: Query executed successfully and data retrieved
2024-08-25 04:00:16,954 [INFO] django.utils.autoreload: D:\Durgesh\Projects\VSCode\Fiserv\Automate\AutoMate\binblocking\views.py changed, reloading.
2024-08-25 04:00:17,572 [INFO] django.utils.autoreload: Watching for file changes with StatReloader
2024-08-25 04:03:50,512 [INFO] django.utils.autoreload: D:\Durgesh\Projects\VSCode\Fiserv\Automate\AutoMate\binblocking\models.py changed, reloading.
2024-08-25 04:03:51,141 [INFO] django.utils.autoreload: Watching for file changes with StatReloader
2024-08-25 04:04:18,133 [INFO] django.utils.autoreload: D:\Durgesh\Projects\VSCode\Fiserv\Automate\AutoMate\binblocking\models.py changed, reloading.
2024-08-25 04:04:18,702 [INFO] django.utils.autoreload: Watching for file changes with StatReloader
2024-08-25 04:04:53,048 [INFO] django.utils.autoreload: D:\Durgesh\Projects\VSCode\Fiserv\Automate\AutoMate\binblocking\admin.py changed, reloading.
2024-08-25 04:04:53,638 [INFO] django.utils.autoreload: Watching for file changes with StatReloader
2024-08-25 04:07:54,554 [INFO] django.utils.autoreload: Watching for file changes with StatReloader
2024-08-25 04:08:01,406 [INFO] django.utils.autoreload: Watching for file changes with StatReloader
2024-08-25 04:15:59,438 [INFO] django.utils.autoreload: D:\Durgesh\Projects\VSCode\Fiserv\Automate\AutoMate\binblocking\views.py changed, reloading.
2024-08-25 04:16:00,073 [INFO] django.utils.autoreload: Watching for file changes with StatReloader
2024-08-25 04:16:27,911 [INFO] binblocking.views: Started processing bins
2024-08-25 04:16:27,912 [INFO] binblocking.views: Received a non-POST request
2024-08-25 04:16:29,308 [INFO] binblocking.views: Started processing bins
2024-08-25 04:16:29,311 [INFO] binblocking.views: Total input values: 4
2024-08-25 04:16:29,312 [INFO] binblocking.views: Duplicates removed: 1
2024-08-25 04:16:29,314 [INFO] binblocking.views: Unique values after removing subsets: 3
2024-08-25 04:16:29,315 [INFO] binblocking.views: Combining consecutive bins
2024-08-25 04:16:29,316 [INFO] binblocking.views: Total consecutive bins combined: 0
2024-08-25 04:16:29,317 [INFO] binblocking.views: Consecutive values combined: 0
2024-08-25 04:16:29,323 [INFO] binblocking.views: Processed bins stored in session
2024-08-25 04:16:29,324 [INFO] binblocking.views: Attempting to fetch PROD and UAT database connection details
2024-08-25 04:16:29,328 [INFO] binblocking.views: Fetched database connections for PROD: prod_mysql, UAT: UAT_mysql
2024-08-25 04:16:29,389 [INFO] binblocking.views: Query executed successfully for PROD
2024-08-25 04:16:29,409 [INFO] binblocking.views: Query executed successfully for UAT
2024-08-25 04:18:49,696 [INFO] django.utils.autoreload: D:\Durgesh\Projects\VSCode\Fiserv\Automate\AutoMate\binblocking\views.py changed, reloading.
2024-08-25 04:18:50,270 [INFO] django.utils.autoreload: Watching for file changes with StatReloader
2024-08-25 04:18:59,531 [INFO] binblocking.views: Started processing bins
2024-08-25 04:18:59,532 [INFO] binblocking.views: Received a non-POST request
2024-08-25 04:19:00,874 [INFO] binblocking.views: Started processing bins
2024-08-25 04:19:00,876 [INFO] binblocking.views: Total input values: 4
2024-08-25 04:19:00,877 [INFO] binblocking.views: Duplicates removed: 1
2024-08-25 04:19:00,878 [INFO] binblocking.views: Unique values after removing subsets: 3
2024-08-25 04:19:00,879 [INFO] binblocking.views: Combining consecutive bins
2024-08-25 04:19:00,880 [INFO] binblocking.views: Total consecutive bins combined: 0
2024-08-25 04:19:00,881 [INFO] binblocking.views: Consecutive values combined: 0
2024-08-25 04:19:00,886 [INFO] binblocking.views: Processed bins stored in session
2024-08-25 04:19:00,886 [INFO] binblocking.views: Attempting to fetch PROD and UAT database connection details
2024-08-25 04:19:00,889 [INFO] binblocking.views: Fetched database connections for PROD: prod_mysql, UAT: UAT_mysql
2024-08-25 04:19:31,471 [INFO] binblocking.views: Started processing bins
2024-08-25 04:19:31,471 [INFO] binblocking.views: Received a non-POST request
2024-08-25 04:19:32,904 [INFO] binblocking.views: Started processing bins
2024-08-25 04:19:32,904 [INFO] binblocking.views: Total input values: 4
2024-08-25 04:19:32,905 [INFO] binblocking.views: Duplicates removed: 1
2024-08-25 04:19:32,905 [INFO] binblocking.views: Unique values after removing subsets: 3
2024-08-25 04:19:32,905 [INFO] binblocking.views: Combining consecutive bins
2024-08-25 04:19:32,906 [INFO] binblocking.views: Total consecutive bins combined: 0
2024-08-25 04:19:32,906 [INFO] binblocking.views: Consecutive values combined: 0
2024-08-25 04:19:32,908 [INFO] binblocking.views: Processed bins stored in session
2024-08-25 04:19:32,908 [INFO] binblocking.views: Attempting to fetch PROD and UAT database connection details
2024-08-25 04:19:32,909 [INFO] binblocking.views: Fetched database connections for PROD: prod_mysql, UAT: UAT_mysql
2024-08-25 04:23:25,380 [INFO] binblocking.views: Started processing bins
2024-08-25 04:23:25,381 [INFO] binblocking.views: Total input values: 4
2024-08-25 04:23:25,381 [INFO] binblocking.views: Duplicates removed: 1
2024-08-25 04:23:25,381 [INFO] binblocking.views: Unique values after removing subsets: 3
2024-08-25 04:23:25,381 [INFO] binblocking.views: Combining consecutive bins
2024-08-25 04:23:25,382 [INFO] binblocking.views: Total consecutive bins combined: 0
2024-08-25 04:23:25,382 [INFO] binblocking.views: Consecutive values combined: 0
2024-08-25 04:23:25,384 [INFO] binblocking.views: Processed bins stored in session
2024-08-25 04:23:25,385 [INFO] binblocking.views: Attempting to fetch PROD and UAT database connection details
2024-08-25 04:23:25,387 [INFO] binblocking.views: Fetched database connections for PROD: prod_mysql, UAT: UAT_mysql
2024-08-25 04:24:49,330 [INFO] binblocking.views: Started processing bins
2024-08-25 04:24:49,331 [INFO] binblocking.views: Total input values: 4
2024-08-25 04:24:49,331 [INFO] binblocking.views: Duplicates removed: 1
2024-08-25 04:24:49,332 [INFO] binblocking.views: Unique values after removing subsets: 3
2024-08-25 04:24:49,332 [INFO] binblocking.views: Combining consecutive bins
2024-08-25 04:24:49,332 [INFO] binblocking.views: Total consecutive bins combined: 0
2024-08-25 04:24:49,333 [INFO] binblocking.views: Consecutive values combined: 0
2024-08-25 04:24:49,336 [INFO] binblocking.views: Processed bins stored in session
2024-08-25 04:24:49,336 [INFO] binblocking.views: Attempting to fetch PROD and UAT database connection details
2024-08-25 04:24:49,338 [INFO] binblocking.views: Fetched database connections for PROD: prod_mysql, UAT: UAT_mysql
2024-08-25 04:25:04,210 [INFO] binblocking.views: Started processing bins
2024-08-25 04:25:04,210 [INFO] binblocking.views: Received a non-POST request
2024-08-25 04:25:06,185 [INFO] binblocking.views: Started processing bins
2024-08-25 04:25:06,186 [INFO] binblocking.views: Total input values: 4
2024-08-25 04:25:06,187 [INFO] binblocking.views: Duplicates removed: 1
2024-08-25 04:25:06,188 [INFO] binblocking.views: Unique values after removing subsets: 3
2024-08-25 04:25:06,189 [INFO] binblocking.views: Combining consecutive bins
2024-08-25 04:25:06,190 [INFO] binblocking.views: Total consecutive bins combined: 0
2024-08-25 04:25:06,191 [INFO] binblocking.views: Consecutive values combined: 0
2024-08-25 04:25:06,195 [INFO] binblocking.views: Processed bins stored in session
2024-08-25 04:25:06,196 [INFO] binblocking.views: Attempting to fetch PROD and UAT database connection details
2024-08-25 04:25:06,198 [INFO] binblocking.views: Fetched database connections for PROD: prod_mysql, UAT: UAT_mysql
2024-08-25 04:29:30,357 [INFO] django.utils.autoreload: D:\Durgesh\Projects\VSCode\Fiserv\Automate\AutoMate\binblocking\views.py changed, reloading.
2024-08-25 04:29:30,969 [INFO] django.utils.autoreload: Watching for file changes with StatReloader
2024-08-25 04:29:38,400 [INFO] binblocking.views: Started processing bins
2024-08-25 04:29:38,400 [INFO] binblocking.views: Received a non-POST request
2024-08-25 04:29:39,878 [INFO] binblocking.views: Started processing bins
2024-08-25 04:29:39,879 [INFO] binblocking.views: Total input values: 4
2024-08-25 04:29:39,880 [INFO] binblocking.views: Duplicates removed: 1
2024-08-25 04:29:39,881 [INFO] binblocking.views: Unique values after removing subsets: 3
2024-08-25 04:29:39,881 [INFO] binblocking.views: Combining consecutive bins
2024-08-25 04:29:39,882 [INFO] binblocking.views: Total consecutive bins combined: 0
2024-08-25 04:29:39,883 [INFO] binblocking.views: Consecutive values combined: 0
2024-08-25 04:29:39,886 [INFO] binblocking.views: Processed bins stored in session
2024-08-25 04:29:39,887 [INFO] binblocking.views: Attempting to fetch PROD and UAT database connection details
2024-08-25 04:29:39,888 [INFO] binblocking.views: Fetched database connections for PROD: prod_mysql, UAT: UAT_mysql
2024-08-25 04:30:43,442 [INFO] binblocking.views: Started processing bins
2024-08-25 04:30:43,442 [INFO] binblocking.views: Received a non-POST request
2024-08-25 04:30:54,148 [INFO] binblocking.views: Started processing bins
2024-08-25 04:30:54,148 [INFO] binblocking.views: Total input values: 6
2024-08-25 04:30:54,149 [INFO] binblocking.views: Duplicates removed: 1
2024-08-25 04:30:54,149 [INFO] binblocking.views: Unique values after removing subsets: 5
2024-08-25 04:30:54,150 [INFO] binblocking.views: Combining consecutive bins
2024-08-25 04:30:54,150 [INFO] binblocking.views: Total consecutive bins combined: 0
2024-08-25 04:30:54,151 [INFO] binblocking.views: Consecutive values combined: 0
2024-08-25 04:30:54,152 [INFO] binblocking.views: Processed bins stored in session
2024-08-25 04:30:54,153 [INFO] binblocking.views: Attempting to fetch PROD and UAT database connection details
2024-08-25 04:30:54,154 [INFO] binblocking.views: Fetched database connections for PROD: prod_mysql, UAT: UAT_mysql
2024-08-25 04:30:57,602 [INFO] binblocking.views: Started processing bins
2024-08-25 04:30:57,603 [INFO] binblocking.views: Received a non-POST request
2024-08-25 04:31:00,237 [INFO] binblocking.views: Started processing bins
2024-08-25 04:31:00,238 [INFO] binblocking.views: Total input values: 6
2024-08-25 04:31:00,238 [INFO] binblocking.views: Duplicates removed: 1
2024-08-25 04:31:00,239 [INFO] binblocking.views: Unique values after removing subsets: 5
2024-08-25 04:31:00,239 [INFO] binblocking.views: Combining consecutive bins
2024-08-25 04:31:00,240 [INFO] binblocking.views: Total consecutive bins combined: 0
2024-08-25 04:31:00,240 [INFO] binblocking.views: Consecutive values combined: 0
2024-08-25 04:31:00,243 [INFO] binblocking.views: Processed bins stored in session
2024-08-25 04:31:00,243 [INFO] binblocking.views: Attempting to fetch PROD and UAT database connection details
2024-08-25 04:31:00,245 [INFO] binblocking.views: Fetched database connections for PROD: prod_mysql, UAT: UAT_mysql
2024-08-25 04:59:16,290 [INFO] binblocking.views: Started processing bins
2024-08-25 04:59:16,293 [INFO] binblocking.views: Total input values: 6
2024-08-25 04:59:16,294 [INFO] binblocking.views: Duplicates removed: 1
2024-08-25 04:59:16,296 [INFO] binblocking.views: Unique values after removing subsets: 5
2024-08-25 04:59:16,297 [INFO] binblocking.views: Combining consecutive bins
2024-08-25 04:59:16,299 [INFO] binblocking.views: Total consecutive bins combined: 0
2024-08-25 04:59:16,300 [INFO] binblocking.views: Consecutive values combined: 0
2024-08-25 04:59:16,311 [INFO] binblocking.views: Processed bins stored in session
2024-08-25 04:59:16,313 [INFO] binblocking.views: Attempting to fetch PROD and UAT database connection details
2024-08-25 04:59:16,318 [INFO] binblocking.views: Fetched database connections for PROD: prod_mysql, UAT: UAT_mysql
2024-08-25 05:00:44,693 [INFO] binblocking.views: Started processing bins
2024-08-25 05:00:44,694 [INFO] binblocking.views: Total input values: 6
2024-08-25 05:00:44,695 [INFO] binblocking.views: Duplicates removed: 1
2024-08-25 05:00:44,695 [INFO] binblocking.views: Unique values after removing subsets: 5
2024-08-25 05:00:44,695 [INFO] binblocking.views: Combining consecutive bins
2024-08-25 05:00:44,696 [INFO] binblocking.views: Total consecutive bins combined: 0
2024-08-25 05:00:44,696 [INFO] binblocking.views: Consecutive values combined: 0
2024-08-25 05:00:44,699 [INFO] binblocking.views: Processed bins stored in session
2024-08-25 05:00:44,699 [INFO] binblocking.views: Attempting to fetch PROD and UAT database connection details
2024-08-25 05:00:44,701 [INFO] binblocking.views: Fetched database connections for PROD: prod_mysql, UAT: UAT_mysql
2024-08-25 05:01:43,833 [INFO] django.utils.autoreload: Watching for file changes with StatReloader
