2025-04-04 03:32:45,789 - INFO - Processing file: C:\Projects\Monkey\Monkey\media\astrex_html_logs\test_part0.html
2025-04-04 03:32:45,790 - INFO - Finished processing file: C:\Projects\Monkey\Monkey\media\astrex_html_logs\test_part0.html
2025-04-04 03:32:46,006 - INFO - Processing file: C:\Projects\Monkey\Monkey\media\astrex_html_logs\test_part0.html
2025-04-04 03:32:46,008 - INFO - Finished processing file: C:\Projects\Monkey\Monkey\media\astrex_html_logs\test_part0.html
2025-04-06 01:03:48,445 - INFO - Processing file: C:\Durgesh\Office\Automation\Monkey\Monkey\media\astrex_html_logs\ID-7106-DCI_Relay_Xpress_(DinersDiscover)_Message_viewer__part0.html
2025-04-06 01:03:48,479 - INFO - Processing file: C:\Durgesh\Office\Automation\Monkey\Monkey\media\astrex_html_logs\ID-7106-DCI_Relay_Xpress_(DinersDiscover)_Message_viewer__part1.html
2025-04-06 01:03:48,487 - INFO - Finished processing file: C:\Durgesh\Office\Automation\Monkey\Monkey\media\astrex_html_logs\ID-7106-DCI_Relay_Xpress_(DinersDiscover)_Message_viewer__part1.html
2025-04-06 01:03:58,449 - INFO - Finished processing file: C:\Durgesh\Office\Automation\Monkey\Monkey\media\astrex_html_logs\ID-7106-DCI_Relay_Xpress_(DinersDiscover)_Message_viewer__part0.html
2025-04-06 01:03:59,912 - INFO - Processing file: C:\Durgesh\Office\Automation\Monkey\Monkey\media\astrex_html_logs\ID-7106-DCI_Relay_Xpress_(DinersDiscover)_Message_viewer__part1.html
2025-04-06 01:03:59,929 - INFO - Finished processing file: C:\Durgesh\Office\Automation\Monkey\Monkey\media\astrex_html_logs\ID-7106-DCI_Relay_Xpress_(DinersDiscover)_Message_viewer__part1.html
2025-04-06 01:03:59,947 - INFO - Processing file: C:\Durgesh\Office\Automation\Monkey\Monkey\media\astrex_html_logs\ID-7106-DCI_Relay_Xpress_(DinersDiscover)_Message_viewer__part0.html
2025-04-06 01:04:06,763 - INFO - Finished processing file: C:\Durgesh\Office\Automation\Monkey\Monkey\media\astrex_html_logs\ID-7106-DCI_Relay_Xpress_(DinersDiscover)_Message_viewer__part0.html
2025-04-06 01:05:44,162 - INFO - Processing file: C:\Durgesh\Office\Automation\Monkey\Monkey\media\astrex_html_logs\ID-7121-Visa_BASE_I_(Standard)_Message_viewer__part0_part1.html
2025-04-06 01:05:44,162 - INFO - Finished processing file: C:\Durgesh\Office\Automation\Monkey\Monkey\media\astrex_html_logs\ID-7121-Visa_BASE_I_(Standard)_Message_viewer__part0_part1.html
2025-04-06 01:05:44,162 - INFO - Processing file: C:\Durgesh\Office\Automation\Monkey\Monkey\media\astrex_html_logs\ID-7121-Visa_BASE_I_(Standard)_Message_viewer__part0_part0.html
2025-04-06 01:05:44,216 - INFO - Finished processing file: C:\Durgesh\Office\Automation\Monkey\Monkey\media\astrex_html_logs\ID-7121-Visa_BASE_I_(Standard)_Message_viewer__part0_part0.html
2025-04-06 01:05:45,754 - INFO - Processing file: C:\Durgesh\Office\Automation\Monkey\Monkey\media\astrex_html_logs\ID-7121-Visa_BASE_I_(Standard)_Message_viewer__part0_part0.html
2025-04-06 01:05:45,802 - INFO - Processing file: C:\Durgesh\Office\Automation\Monkey\Monkey\media\astrex_html_logs\ID-7121-Visa_BASE_I_(Standard)_Message_viewer__part0_part1.html
2025-04-06 01:05:45,802 - INFO - Finished processing file: C:\Durgesh\Office\Automation\Monkey\Monkey\media\astrex_html_logs\ID-7121-Visa_BASE_I_(Standard)_Message_viewer__part0_part1.html
2025-04-06 01:05:45,815 - INFO - Finished processing file: C:\Durgesh\Office\Automation\Monkey\Monkey\media\astrex_html_logs\ID-7121-Visa_BASE_I_(Standard)_Message_viewer__part0_part0.html
2025-04-06 01:06:57,972 - INFO - Processing file: C:\Durgesh\Office\Automation\Monkey\Monkey\media\astrex_html_logs\ID-7121-Visa_BASE_I_(Standard)_Message_viewer__part0_part0.html
2025-04-06 01:06:57,985 - INFO - Processing file: C:\Durgesh\Office\Automation\Monkey\Monkey\media\astrex_html_logs\ID-7121-Visa_BASE_I_(Standard)_Message_viewer__part0_part1.html
2025-04-06 01:06:57,985 - INFO - Finished processing file: C:\Durgesh\Office\Automation\Monkey\Monkey\media\astrex_html_logs\ID-7121-Visa_BASE_I_(Standard)_Message_viewer__part0_part1.html
2025-04-06 01:06:58,032 - INFO - Finished processing file: C:\Durgesh\Office\Automation\Monkey\Monkey\media\astrex_html_logs\ID-7121-Visa_BASE_I_(Standard)_Message_viewer__part0_part0.html
2025-04-06 01:06:59,569 - INFO - Processing file: C:\Durgesh\Office\Automation\Monkey\Monkey\media\astrex_html_logs\ID-7121-Visa_BASE_I_(Standard)_Message_viewer__part0_part0.html
2025-04-06 01:06:59,614 - INFO - Processing file: C:\Durgesh\Office\Automation\Monkey\Monkey\media\astrex_html_logs\ID-7121-Visa_BASE_I_(Standard)_Message_viewer__part0_part1.html
2025-04-06 01:06:59,614 - INFO - Finished processing file: C:\Durgesh\Office\Automation\Monkey\Monkey\media\astrex_html_logs\ID-7121-Visa_BASE_I_(Standard)_Message_viewer__part0_part1.html
2025-04-06 01:06:59,646 - INFO - Finished processing file: C:\Durgesh\Office\Automation\Monkey\Monkey\media\astrex_html_logs\ID-7121-Visa_BASE_I_(Standard)_Message_viewer__part0_part0.html
2025-04-06 01:07:22,761 - INFO - Processing file: C:\Durgesh\Office\Automation\Monkey\Monkey\media\astrex_html_logs\ID-7121-Visa_BASE_I_(Standard)_Message_viewer__part0_part1.html
2025-04-06 01:07:22,764 - INFO - Finished processing file: C:\Durgesh\Office\Automation\Monkey\Monkey\media\astrex_html_logs\ID-7121-Visa_BASE_I_(Standard)_Message_viewer__part0_part1.html
2025-04-06 01:07:22,766 - INFO - Processing file: C:\Durgesh\Office\Automation\Monkey\Monkey\media\astrex_html_logs\ID-7121-Visa_BASE_I_(Standard)_Message_viewer__part0_part0.html
2025-04-06 01:07:22,800 - INFO - Finished processing file: C:\Durgesh\Office\Automation\Monkey\Monkey\media\astrex_html_logs\ID-7121-Visa_BASE_I_(Standard)_Message_viewer__part0_part0.html
2025-04-06 01:07:24,151 - INFO - Processing file: C:\Durgesh\Office\Automation\Monkey\Monkey\media\astrex_html_logs\ID-7121-Visa_BASE_I_(Standard)_Message_viewer__part0_part0.html
2025-04-06 01:07:24,151 - INFO - Processing file: C:\Durgesh\Office\Automation\Monkey\Monkey\media\astrex_html_logs\ID-7121-Visa_BASE_I_(Standard)_Message_viewer__part0_part1.html
2025-04-06 01:07:24,166 - INFO - Finished processing file: C:\Durgesh\Office\Automation\Monkey\Monkey\media\astrex_html_logs\ID-7121-Visa_BASE_I_(Standard)_Message_viewer__part0_part1.html
2025-04-06 01:07:24,207 - INFO - Finished processing file: C:\Durgesh\Office\Automation\Monkey\Monkey\media\astrex_html_logs\ID-7121-Visa_BASE_I_(Standard)_Message_viewer__part0_part0.html
2025-04-06 01:08:21,248 - INFO - Processing file: C:\Durgesh\Office\Automation\Monkey\Monkey\media\astrex_html_logs\ID-7121-Visa_BASE_I_(Standard)_Message_viewer__part0_part1.html
2025-04-06 01:08:21,251 - INFO - Finished processing file: C:\Durgesh\Office\Automation\Monkey\Monkey\media\astrex_html_logs\ID-7121-Visa_BASE_I_(Standard)_Message_viewer__part0_part1.html
2025-04-06 01:08:21,265 - INFO - Processing file: C:\Durgesh\Office\Automation\Monkey\Monkey\media\astrex_html_logs\ID-7121-Visa_BASE_I_(Standard)_Message_viewer__part0_part0.html
2025-04-06 01:08:21,292 - INFO - Finished processing file: C:\Durgesh\Office\Automation\Monkey\Monkey\media\astrex_html_logs\ID-7121-Visa_BASE_I_(Standard)_Message_viewer__part0_part0.html
2025-04-06 01:08:22,167 - INFO - Processing file: C:\Durgesh\Office\Automation\Monkey\Monkey\media\astrex_html_logs\ID-7121-Visa_BASE_I_(Standard)_Message_viewer__part0_part0.html
2025-04-06 01:08:22,205 - INFO - Processing file: C:\Durgesh\Office\Automation\Monkey\Monkey\media\astrex_html_logs\ID-7121-Visa_BASE_I_(Standard)_Message_viewer__part0_part1.html
2025-04-06 01:08:22,207 - INFO - Finished processing file: C:\Durgesh\Office\Automation\Monkey\Monkey\media\astrex_html_logs\ID-7121-Visa_BASE_I_(Standard)_Message_viewer__part0_part1.html
2025-04-06 01:08:22,209 - INFO - Finished processing file: C:\Durgesh\Office\Automation\Monkey\Monkey\media\astrex_html_logs\ID-7121-Visa_BASE_I_(Standard)_Message_viewer__part0_part0.html
2025-04-06 01:09:16,307 - INFO - Processing file: C:\Durgesh\Office\Automation\Monkey\Monkey\media\astrex_html_logs\ID-7121-Visa_BASE_I_(Standard)_Message_viewer__part0_part0.html
2025-04-06 01:09:16,307 - INFO - Processing file: C:\Durgesh\Office\Automation\Monkey\Monkey\media\astrex_html_logs\ID-7121-Visa_BASE_I_(Standard)_Message_viewer__part0_part1.html
2025-04-06 01:09:16,307 - INFO - Finished processing file: C:\Durgesh\Office\Automation\Monkey\Monkey\media\astrex_html_logs\ID-7121-Visa_BASE_I_(Standard)_Message_viewer__part0_part1.html
2025-04-06 01:09:16,339 - INFO - Finished processing file: C:\Durgesh\Office\Automation\Monkey\Monkey\media\astrex_html_logs\ID-7121-Visa_BASE_I_(Standard)_Message_viewer__part0_part0.html
2025-04-06 01:09:17,171 - INFO - Processing file: C:\Durgesh\Office\Automation\Monkey\Monkey\media\astrex_html_logs\ID-7121-Visa_BASE_I_(Standard)_Message_viewer__part0_part1.html
2025-04-06 01:09:17,171 - INFO - Finished processing file: C:\Durgesh\Office\Automation\Monkey\Monkey\media\astrex_html_logs\ID-7121-Visa_BASE_I_(Standard)_Message_viewer__part0_part1.html
2025-04-06 01:09:17,171 - INFO - Processing file: C:\Durgesh\Office\Automation\Monkey\Monkey\media\astrex_html_logs\ID-7121-Visa_BASE_I_(Standard)_Message_viewer__part0_part0.html
2025-04-06 01:09:17,208 - INFO - Finished processing file: C:\Durgesh\Office\Automation\Monkey\Monkey\media\astrex_html_logs\ID-7121-Visa_BASE_I_(Standard)_Message_viewer__part0_part0.html
2025-04-06 01:09:32,542 - INFO - Processing file: C:\Durgesh\Office\Automation\Monkey\Monkey\media\astrex_html_logs\ID-7121-JCB_(JCB)_Message_viewer__part0.html
2025-04-06 01:09:32,575 - INFO - Processing file: C:\Durgesh\Office\Automation\Monkey\Monkey\media\astrex_html_logs\ID-7121-JCB_(JCB)_Message_viewer__part1.html
2025-04-06 01:09:32,575 - INFO - Finished processing file: C:\Durgesh\Office\Automation\Monkey\Monkey\media\astrex_html_logs\ID-7121-JCB_(JCB)_Message_viewer__part1.html
2025-04-06 01:09:40,739 - INFO - Finished processing file: C:\Durgesh\Office\Automation\Monkey\Monkey\media\astrex_html_logs\ID-7121-JCB_(JCB)_Message_viewer__part0.html
2025-04-06 01:09:41,886 - INFO - Processing file: C:\Durgesh\Office\Automation\Monkey\Monkey\media\astrex_html_logs\ID-7121-JCB_(JCB)_Message_viewer__part1.html
2025-04-06 01:09:41,902 - INFO - Finished processing file: C:\Durgesh\Office\Automation\Monkey\Monkey\media\astrex_html_logs\ID-7121-JCB_(JCB)_Message_viewer__part1.html
2025-04-06 01:09:41,907 - INFO - Processing file: C:\Durgesh\Office\Automation\Monkey\Monkey\media\astrex_html_logs\ID-7121-JCB_(JCB)_Message_viewer__part0.html
2025-04-06 01:09:47,417 - INFO - Finished processing file: C:\Durgesh\Office\Automation\Monkey\Monkey\media\astrex_html_logs\ID-7121-JCB_(JCB)_Message_viewer__part0.html
2025-04-06 01:11:36,008 - INFO - Processing file: C:\Durgesh\Office\Automation\Monkey\Monkey\media\astrex_html_logs\ID-7121-Visa_BASE_I_(Standard)_Message_viewer__part0_part0.html
2025-04-06 01:11:36,024 - INFO - Processing file: C:\Durgesh\Office\Automation\Monkey\Monkey\media\astrex_html_logs\ID-7121-Visa_BASE_I_(Standard)_Message_viewer__part0_part1.html
2025-04-06 01:11:36,024 - INFO - Finished processing file: C:\Durgesh\Office\Automation\Monkey\Monkey\media\astrex_html_logs\ID-7121-Visa_BASE_I_(Standard)_Message_viewer__part0_part1.html
2025-04-06 01:11:36,040 - INFO - Finished processing file: C:\Durgesh\Office\Automation\Monkey\Monkey\media\astrex_html_logs\ID-7121-Visa_BASE_I_(Standard)_Message_viewer__part0_part0.html
2025-04-06 01:11:36,850 - INFO - Processing file: C:\Durgesh\Office\Automation\Monkey\Monkey\media\astrex_html_logs\ID-7121-Visa_BASE_I_(Standard)_Message_viewer__part0_part1.html
2025-04-06 01:11:36,850 - INFO - Finished processing file: C:\Durgesh\Office\Automation\Monkey\Monkey\media\astrex_html_logs\ID-7121-Visa_BASE_I_(Standard)_Message_viewer__part0_part1.html
2025-04-06 01:11:36,866 - INFO - Processing file: C:\Durgesh\Office\Automation\Monkey\Monkey\media\astrex_html_logs\ID-7121-Visa_BASE_I_(Standard)_Message_viewer__part0_part0.html
2025-04-06 01:11:36,890 - INFO - Finished processing file: C:\Durgesh\Office\Automation\Monkey\Monkey\media\astrex_html_logs\ID-7121-Visa_BASE_I_(Standard)_Message_viewer__part0_part0.html
2025-04-06 01:12:40,446 - INFO - Processing file: C:\Durgesh\Office\Automation\Monkey\Monkey\media\astrex_html_logs\ID-7121-Visa_BASE_I_(Standard)_Message_viewer__part0_part1.html
2025-04-06 01:12:40,446 - INFO - Finished processing file: C:\Durgesh\Office\Automation\Monkey\Monkey\media\astrex_html_logs\ID-7121-Visa_BASE_I_(Standard)_Message_viewer__part0_part1.html
2025-04-06 01:12:40,474 - INFO - Processing file: C:\Durgesh\Office\Automation\Monkey\Monkey\media\astrex_html_logs\ID-7121-Visa_BASE_I_(Standard)_Message_viewer__part0_part0.html
2025-04-06 01:12:40,505 - INFO - Finished processing file: C:\Durgesh\Office\Automation\Monkey\Monkey\media\astrex_html_logs\ID-7121-Visa_BASE_I_(Standard)_Message_viewer__part0_part0.html
2025-04-06 01:12:41,972 - INFO - Processing file: C:\Durgesh\Office\Automation\Monkey\Monkey\media\astrex_html_logs\ID-7121-Visa_BASE_I_(Standard)_Message_viewer__part0_part0.html
2025-04-06 01:12:41,972 - INFO - Processing file: C:\Durgesh\Office\Automation\Monkey\Monkey\media\astrex_html_logs\ID-7121-Visa_BASE_I_(Standard)_Message_viewer__part0_part1.html
2025-04-06 01:12:41,990 - INFO - Finished processing file: C:\Durgesh\Office\Automation\Monkey\Monkey\media\astrex_html_logs\ID-7121-Visa_BASE_I_(Standard)_Message_viewer__part0_part1.html
2025-04-06 01:12:42,035 - INFO - Finished processing file: C:\Durgesh\Office\Automation\Monkey\Monkey\media\astrex_html_logs\ID-7121-Visa_BASE_I_(Standard)_Message_viewer__part0_part0.html
2025-04-06 01:15:19,321 - INFO - Processing file: C:\Durgesh\Office\Automation\Monkey\Monkey\media\astrex_html_logs\ID-7121-Visa_BASE_I_(Standard)_Message_viewer__part0_part1.html
2025-04-06 01:15:19,321 - INFO - Finished processing file: C:\Durgesh\Office\Automation\Monkey\Monkey\media\astrex_html_logs\ID-7121-Visa_BASE_I_(Standard)_Message_viewer__part0_part1.html
2025-04-06 01:15:19,338 - INFO - Processing file: C:\Durgesh\Office\Automation\Monkey\Monkey\media\astrex_html_logs\ID-7121-Visa_BASE_I_(Standard)_Message_viewer__part0_part0.html
2025-04-06 01:15:19,403 - INFO - Finished processing file: C:\Durgesh\Office\Automation\Monkey\Monkey\media\astrex_html_logs\ID-7121-Visa_BASE_I_(Standard)_Message_viewer__part0_part0.html
2025-04-06 01:15:21,169 - INFO - Processing file: C:\Durgesh\Office\Automation\Monkey\Monkey\media\astrex_html_logs\ID-7121-Visa_BASE_I_(Standard)_Message_viewer__part0_part0.html
2025-04-06 01:15:21,279 - INFO - Processing file: C:\Durgesh\Office\Automation\Monkey\Monkey\media\astrex_html_logs\ID-7121-Visa_BASE_I_(Standard)_Message_viewer__part0_part1.html
2025-04-06 01:15:21,280 - INFO - Finished processing file: C:\Durgesh\Office\Automation\Monkey\Monkey\media\astrex_html_logs\ID-7121-Visa_BASE_I_(Standard)_Message_viewer__part0_part0.html
2025-04-06 01:15:21,283 - INFO - Finished processing file: C:\Durgesh\Office\Automation\Monkey\Monkey\media\astrex_html_logs\ID-7121-Visa_BASE_I_(Standard)_Message_viewer__part0_part1.html
2025-04-06 01:16:00,608 - INFO - Processing file: C:\Durgesh\Office\Automation\Monkey\Monkey\media\astrex_html_logs\ID-7121-Visa_BASE_I_(Standard)_Message_viewer__part0_part0.html
2025-04-06 01:16:00,690 - INFO - Processing file: C:\Durgesh\Office\Automation\Monkey\Monkey\media\astrex_html_logs\ID-7121-Visa_BASE_I_(Standard)_Message_viewer__part0_part1.html
2025-04-06 01:16:00,690 - INFO - Finished processing file: C:\Durgesh\Office\Automation\Monkey\Monkey\media\astrex_html_logs\ID-7121-Visa_BASE_I_(Standard)_Message_viewer__part0_part0.html
2025-04-06 01:16:00,693 - INFO - Finished processing file: C:\Durgesh\Office\Automation\Monkey\Monkey\media\astrex_html_logs\ID-7121-Visa_BASE_I_(Standard)_Message_viewer__part0_part1.html
2025-04-06 01:16:01,608 - INFO - Processing file: C:\Durgesh\Office\Automation\Monkey\Monkey\media\astrex_html_logs\ID-7121-Visa_BASE_I_(Standard)_Message_viewer__part0_part1.html
2025-04-06 01:16:01,608 - INFO - Finished processing file: C:\Durgesh\Office\Automation\Monkey\Monkey\media\astrex_html_logs\ID-7121-Visa_BASE_I_(Standard)_Message_viewer__part0_part1.html
2025-04-06 01:16:01,650 - INFO - Processing file: C:\Durgesh\Office\Automation\Monkey\Monkey\media\astrex_html_logs\ID-7121-Visa_BASE_I_(Standard)_Message_viewer__part0_part0.html
2025-04-06 01:16:01,708 - INFO - Finished processing file: C:\Durgesh\Office\Automation\Monkey\Monkey\media\astrex_html_logs\ID-7121-Visa_BASE_I_(Standard)_Message_viewer__part0_part0.html
2025-04-06 01:39:17,812 - INFO - Processing file: C:\Durgesh\Office\Automation\Monkey\Monkey\media\astrex_html_logs\ID-7121-Visa_BASE_I_(Standard)_Message_viewer__part0_part0.html
2025-04-06 01:39:17,853 - INFO - Processing file: C:\Durgesh\Office\Automation\Monkey\Monkey\media\astrex_html_logs\ID-7121-Visa_BASE_I_(Standard)_Message_viewer__part0_part1.html
2025-04-06 01:39:17,891 - INFO - Finished processing file: C:\Durgesh\Office\Automation\Monkey\Monkey\media\astrex_html_logs\ID-7121-Visa_BASE_I_(Standard)_Message_viewer__part0_part1.html
2025-04-06 01:39:17,913 - INFO - Finished processing file: C:\Durgesh\Office\Automation\Monkey\Monkey\media\astrex_html_logs\ID-7121-Visa_BASE_I_(Standard)_Message_viewer__part0_part0.html
2025-04-06 01:39:19,577 - INFO - Processing file: C:\Durgesh\Office\Automation\Monkey\Monkey\media\astrex_html_logs\ID-7121-Visa_BASE_I_(Standard)_Message_viewer__part0_part0.html
2025-04-06 01:39:19,587 - INFO - Processing file: C:\Durgesh\Office\Automation\Monkey\Monkey\media\astrex_html_logs\ID-7121-Visa_BASE_I_(Standard)_Message_viewer__part0_part1.html
2025-04-06 01:39:19,587 - INFO - Finished processing file: C:\Durgesh\Office\Automation\Monkey\Monkey\media\astrex_html_logs\ID-7121-Visa_BASE_I_(Standard)_Message_viewer__part0_part1.html
2025-04-06 01:39:19,621 - INFO - Finished processing file: C:\Durgesh\Office\Automation\Monkey\Monkey\media\astrex_html_logs\ID-7121-Visa_BASE_I_(Standard)_Message_viewer__part0_part0.html
2025-04-06 01:45:04,261 - INFO - Processing file: C:\Durgesh\Office\Automation\Monkey\Monkey\media\astrex_html_logs\ID-7121-Visa_BASE_I_(Standard)_Message_viewer__part0_part1.html
2025-04-06 01:45:04,268 - INFO - Finished processing file: C:\Durgesh\Office\Automation\Monkey\Monkey\media\astrex_html_logs\ID-7121-Visa_BASE_I_(Standard)_Message_viewer__part0_part1.html
2025-04-06 01:45:04,272 - INFO - Processing file: C:\Durgesh\Office\Automation\Monkey\Monkey\media\astrex_html_logs\ID-7121-Visa_BASE_I_(Standard)_Message_viewer__part0_part0.html
2025-04-06 01:45:04,352 - INFO - Finished processing file: C:\Durgesh\Office\Automation\Monkey\Monkey\media\astrex_html_logs\ID-7121-Visa_BASE_I_(Standard)_Message_viewer__part0_part0.html
2025-04-06 01:45:05,983 - INFO - Processing file: C:\Durgesh\Office\Automation\Monkey\Monkey\media\astrex_html_logs\ID-7121-Visa_BASE_I_(Standard)_Message_viewer__part0_part1.html
2025-04-06 01:45:05,989 - INFO - Finished processing file: C:\Durgesh\Office\Automation\Monkey\Monkey\media\astrex_html_logs\ID-7121-Visa_BASE_I_(Standard)_Message_viewer__part0_part1.html
2025-04-06 01:45:05,994 - INFO - Processing file: C:\Durgesh\Office\Automation\Monkey\Monkey\media\astrex_html_logs\ID-7121-Visa_BASE_I_(Standard)_Message_viewer__part0_part0.html
2025-04-06 01:45:06,079 - INFO - Finished processing file: C:\Durgesh\Office\Automation\Monkey\Monkey\media\astrex_html_logs\ID-7121-Visa_BASE_I_(Standard)_Message_viewer__part0_part0.html
2025-04-06 01:45:26,513 - INFO - Processing file: C:\Durgesh\Office\Automation\Monkey\Monkey\media\astrex_html_logs\ID-7121-JCB_(JCB)_Message_viewer__part0.html
2025-04-06 01:45:26,561 - INFO - Processing file: C:\Durgesh\Office\Automation\Monkey\Monkey\media\astrex_html_logs\ID-7121-JCB_(JCB)_Message_viewer__part1.html
2025-04-06 01:45:26,567 - INFO - Finished processing file: C:\Durgesh\Office\Automation\Monkey\Monkey\media\astrex_html_logs\ID-7121-JCB_(JCB)_Message_viewer__part1.html
2025-04-06 01:45:34,581 - INFO - Finished processing file: C:\Durgesh\Office\Automation\Monkey\Monkey\media\astrex_html_logs\ID-7121-JCB_(JCB)_Message_viewer__part0.html
2025-04-06 01:45:36,101 - INFO - Processing file: C:\Durgesh\Office\Automation\Monkey\Monkey\media\astrex_html_logs\ID-7121-JCB_(JCB)_Message_viewer__part0.html
2025-04-06 01:45:36,157 - INFO - Processing file: C:\Durgesh\Office\Automation\Monkey\Monkey\media\astrex_html_logs\ID-7121-JCB_(JCB)_Message_viewer__part1.html
2025-04-06 01:45:36,162 - INFO - Finished processing file: C:\Durgesh\Office\Automation\Monkey\Monkey\media\astrex_html_logs\ID-7121-JCB_(JCB)_Message_viewer__part1.html
2025-04-06 01:45:42,856 - INFO - Finished processing file: C:\Durgesh\Office\Automation\Monkey\Monkey\media\astrex_html_logs\ID-7121-JCB_(JCB)_Message_viewer__part0.html
2025-04-06 01:47:36,321 - INFO - Processing file: C:\Durgesh\Office\Automation\Monkey\Monkey\media\astrex_html_logs\ID-7121-JCB_(JCB)_Message_viewer__part0.html
2025-04-06 01:47:36,359 - INFO - Processing file: C:\Durgesh\Office\Automation\Monkey\Monkey\media\astrex_html_logs\ID-7121-JCB_(JCB)_Message_viewer__part1.html
2025-04-06 01:47:36,365 - INFO - Finished processing file: C:\Durgesh\Office\Automation\Monkey\Monkey\media\astrex_html_logs\ID-7121-JCB_(JCB)_Message_viewer__part1.html
2025-04-06 01:47:43,979 - INFO - Finished processing file: C:\Durgesh\Office\Automation\Monkey\Monkey\media\astrex_html_logs\ID-7121-JCB_(JCB)_Message_viewer__part0.html
2025-04-06 01:47:45,232 - INFO - Processing file: C:\Durgesh\Office\Automation\Monkey\Monkey\media\astrex_html_logs\ID-7121-JCB_(JCB)_Message_viewer__part0.html
2025-04-06 01:47:45,258 - INFO - Processing file: C:\Durgesh\Office\Automation\Monkey\Monkey\media\astrex_html_logs\ID-7121-JCB_(JCB)_Message_viewer__part1.html
2025-04-06 01:47:45,262 - INFO - Finished processing file: C:\Durgesh\Office\Automation\Monkey\Monkey\media\astrex_html_logs\ID-7121-JCB_(JCB)_Message_viewer__part1.html
2025-04-06 01:47:51,004 - INFO - Finished processing file: C:\Durgesh\Office\Automation\Monkey\Monkey\media\astrex_html_logs\ID-7121-JCB_(JCB)_Message_viewer__part0.html
2025-04-06 01:50:05,215 - INFO - Processing file: C:\Durgesh\Office\Automation\Monkey\Monkey\media\astrex_html_logs\ID-7121-JCB_(JCB)_Message_viewer__part1.html
2025-04-06 01:50:05,249 - INFO - Finished processing file: C:\Durgesh\Office\Automation\Monkey\Monkey\media\astrex_html_logs\ID-7121-JCB_(JCB)_Message_viewer__part1.html
2025-04-06 01:50:05,259 - INFO - Processing file: C:\Durgesh\Office\Automation\Monkey\Monkey\media\astrex_html_logs\ID-7121-JCB_(JCB)_Message_viewer__part0.html
2025-04-06 01:50:14,766 - INFO - Finished processing file: C:\Durgesh\Office\Automation\Monkey\Monkey\media\astrex_html_logs\ID-7121-JCB_(JCB)_Message_viewer__part0.html
2025-04-06 01:50:53,121 - INFO - Processing file: C:\Durgesh\Office\Automation\Monkey\Monkey\media\astrex_html_logs\ID-7121-Visa_BASE_I_(Standard)_Message_viewer__part0_part0.html
2025-04-06 01:50:53,137 - INFO - Processing file: C:\Durgesh\Office\Automation\Monkey\Monkey\media\astrex_html_logs\ID-7121-Visa_BASE_I_(Standard)_Message_viewer__part0_part1.html
2025-04-06 01:50:53,151 - INFO - Finished processing file: C:\Durgesh\Office\Automation\Monkey\Monkey\media\astrex_html_logs\ID-7121-Visa_BASE_I_(Standard)_Message_viewer__part0_part1.html
2025-04-06 01:50:53,235 - INFO - Finished processing file: C:\Durgesh\Office\Automation\Monkey\Monkey\media\astrex_html_logs\ID-7121-Visa_BASE_I_(Standard)_Message_viewer__part0_part0.html
2025-04-06 01:53:24,405 - INFO - Processing file: C:\Durgesh\Office\Automation\Monkey\Monkey\media\astrex_html_logs\ID-7121-JCB_(JCB)_Message_viewer__part1.html
2025-04-06 01:53:24,411 - INFO - Finished processing file: C:\Durgesh\Office\Automation\Monkey\Monkey\media\astrex_html_logs\ID-7121-JCB_(JCB)_Message_viewer__part1.html
2025-04-06 01:53:24,509 - INFO - Processing file: C:\Durgesh\Office\Automation\Monkey\Monkey\media\astrex_html_logs\ID-7121-JCB_(JCB)_Message_viewer__part0.html
2025-04-06 01:53:30,381 - INFO - Finished processing file: C:\Durgesh\Office\Automation\Monkey\Monkey\media\astrex_html_logs\ID-7121-JCB_(JCB)_Message_viewer__part0.html
2025-04-06 01:58:46,874 - INFO - Processing file: C:\Durgesh\Office\Automation\Monkey\Monkey\media\astrex_html_logs\ID-7121-JCB_(JCB)_Message_viewer__part0.html
2025-04-06 01:58:46,945 - INFO - Processing file: C:\Durgesh\Office\Automation\Monkey\Monkey\media\astrex_html_logs\ID-7121-JCB_(JCB)_Message_viewer__part1.html
2025-04-06 01:58:46,955 - INFO - Finished processing file: C:\Durgesh\Office\Automation\Monkey\Monkey\media\astrex_html_logs\ID-7121-JCB_(JCB)_Message_viewer__part1.html
2025-04-06 01:58:53,772 - INFO - Finished processing file: C:\Durgesh\Office\Automation\Monkey\Monkey\media\astrex_html_logs\ID-7121-JCB_(JCB)_Message_viewer__part0.html
2025-04-06 02:00:04,062 - INFO - Processing file: C:\Durgesh\Office\Automation\Monkey\Monkey\media\astrex_html_logs\ID-7121-Visa_BASE_I_(Standard)_Message_viewer__part0_part1.html
2025-04-06 02:00:04,090 - INFO - Finished processing file: C:\Durgesh\Office\Automation\Monkey\Monkey\media\astrex_html_logs\ID-7121-Visa_BASE_I_(Standard)_Message_viewer__part0_part1.html
2025-04-06 02:00:04,316 - INFO - Processing file: C:\Durgesh\Office\Automation\Monkey\Monkey\media\astrex_html_logs\ID-7121-Visa_BASE_I_(Standard)_Message_viewer__part0_part0.html
2025-04-06 02:00:04,435 - INFO - Finished processing file: C:\Durgesh\Office\Automation\Monkey\Monkey\media\astrex_html_logs\ID-7121-Visa_BASE_I_(Standard)_Message_viewer__part0_part0.html
2025-04-06 02:01:35,699 - INFO - Processing file: C:\Durgesh\Office\Automation\Monkey\Monkey\media\astrex_html_logs\ID-7121-JCB_(JCB)_Message_viewer__part1.html
2025-04-06 02:01:35,702 - INFO - Finished processing file: C:\Durgesh\Office\Automation\Monkey\Monkey\media\astrex_html_logs\ID-7121-JCB_(JCB)_Message_viewer__part1.html
2025-04-06 02:01:35,704 - INFO - Processing file: C:\Durgesh\Office\Automation\Monkey\Monkey\media\astrex_html_logs\ID-7121-JCB_(JCB)_Message_viewer__part0.html
2025-04-06 02:01:40,676 - INFO - Finished processing file: C:\Durgesh\Office\Automation\Monkey\Monkey\media\astrex_html_logs\ID-7121-JCB_(JCB)_Message_viewer__part0.html
2025-04-06 10:13:35,498 - INFO - Processing file: C:\Durgesh\Office\Automation\Monkey\Monkey\media\astrex_html_logs\ID-7121-JCB_(JCB)_Message_viewer__part1.html
2025-04-06 10:13:35,499 - INFO - Processing file: C:\Durgesh\Office\Automation\Monkey\Monkey\media\astrex_html_logs\ID-7121-JCB_(JCB)_Message_viewer__part0.html
2025-04-06 10:13:35,519 - INFO - Finished processing file: C:\Durgesh\Office\Automation\Monkey\Monkey\media\astrex_html_logs\ID-7121-JCB_(JCB)_Message_viewer__part1.html
2025-04-06 10:13:41,651 - INFO - Finished processing file: C:\Durgesh\Office\Automation\Monkey\Monkey\media\astrex_html_logs\ID-7121-JCB_(JCB)_Message_viewer__part0.html
2025-04-07 01:25:16,787 - INFO - Processing file: C:\Durgesh\Office\Automation\Monkey\Monkey\media\astrex_html_logs\ID-7121-JCB_(JCB)_Message_viewer__part1.html
2025-04-07 01:25:16,842 - INFO - Processing file: C:\Durgesh\Office\Automation\Monkey\Monkey\media\astrex_html_logs\ID-7121-JCB_(JCB)_Message_viewer__part0.html
2025-04-07 01:25:16,858 - INFO - Finished processing file: C:\Durgesh\Office\Automation\Monkey\Monkey\media\astrex_html_logs\ID-7121-JCB_(JCB)_Message_viewer__part1.html
2025-04-07 01:25:29,163 - INFO - Finished processing file: C:\Durgesh\Office\Automation\Monkey\Monkey\media\astrex_html_logs\ID-7121-JCB_(JCB)_Message_viewer__part0.html
2025-04-07 01:29:09,491 - INFO - Processing file: C:\Durgesh\Office\Automation\Monkey\Monkey\media\astrex_html_logs\ID-7121-Visa_BASE_I_(Standard)_Message_viewer__part0_part0.html
2025-04-07 01:29:09,506 - INFO - Processing file: C:\Durgesh\Office\Automation\Monkey\Monkey\media\astrex_html_logs\ID-7121-Visa_BASE_I_(Standard)_Message_viewer__part0_part1.html
2025-04-07 01:29:09,510 - INFO - Finished processing file: C:\Durgesh\Office\Automation\Monkey\Monkey\media\astrex_html_logs\ID-7121-Visa_BASE_I_(Standard)_Message_viewer__part0_part1.html
2025-04-07 01:29:09,559 - INFO - Finished processing file: C:\Durgesh\Office\Automation\Monkey\Monkey\media\astrex_html_logs\ID-7121-Visa_BASE_I_(Standard)_Message_viewer__part0_part0.html
2025-04-07 01:31:17,769 - INFO - Processing file: C:\Durgesh\Office\Automation\Monkey\Monkey\media\astrex_html_logs\ID-7121-Visa_BASE_I_(Standard)_Message_viewer__part0_part1.html
2025-04-07 01:31:17,773 - INFO - Finished processing file: C:\Durgesh\Office\Automation\Monkey\Monkey\media\astrex_html_logs\ID-7121-Visa_BASE_I_(Standard)_Message_viewer__part0_part1.html
2025-04-07 01:31:17,779 - INFO - Processing file: C:\Durgesh\Office\Automation\Monkey\Monkey\media\astrex_html_logs\ID-7121-Visa_BASE_I_(Standard)_Message_viewer__part0_part0.html
2025-04-07 01:31:17,808 - INFO - Finished processing file: C:\Durgesh\Office\Automation\Monkey\Monkey\media\astrex_html_logs\ID-7121-Visa_BASE_I_(Standard)_Message_viewer__part0_part0.html
2025-04-07 01:31:37,746 - INFO - Processing file: C:\Durgesh\Office\Automation\Monkey\Monkey\media\astrex_html_logs\ID-7121-Visa_BASE_I_(Standard)_Message_viewer__part0_part1.html
2025-04-07 01:31:37,746 - INFO - Finished processing file: C:\Durgesh\Office\Automation\Monkey\Monkey\media\astrex_html_logs\ID-7121-Visa_BASE_I_(Standard)_Message_viewer__part0_part1.html
2025-04-07 01:31:37,763 - INFO - Processing file: C:\Durgesh\Office\Automation\Monkey\Monkey\media\astrex_html_logs\ID-7121-Visa_BASE_I_(Standard)_Message_viewer__part0_part0.html
2025-04-07 01:31:37,790 - INFO - Finished processing file: C:\Durgesh\Office\Automation\Monkey\Monkey\media\astrex_html_logs\ID-7121-Visa_BASE_I_(Standard)_Message_viewer__part0_part0.html
2025-04-07 01:33:36,292 - INFO - Processing file: C:\Durgesh\Office\Automation\Monkey\Monkey\media\astrex_html_logs\ID-7121-Visa_BASE_I_(Standard)_Message_viewer__part0_part1.html
2025-04-07 01:33:36,305 - INFO - Finished processing file: C:\Durgesh\Office\Automation\Monkey\Monkey\media\astrex_html_logs\ID-7121-Visa_BASE_I_(Standard)_Message_viewer__part0_part1.html
2025-04-07 01:33:36,344 - INFO - Processing file: C:\Durgesh\Office\Automation\Monkey\Monkey\media\astrex_html_logs\ID-7121-Visa_BASE_I_(Standard)_Message_viewer__part0_part0.html
2025-04-07 01:33:36,420 - INFO - Finished processing file: C:\Durgesh\Office\Automation\Monkey\Monkey\media\astrex_html_logs\ID-7121-Visa_BASE_I_(Standard)_Message_viewer__part0_part0.html
2025-04-07 01:35:18,433 - INFO - Processing file: C:\Durgesh\Office\Automation\Monkey\Monkey\media\astrex_html_logs\ID-7121-JCB_(JCB)_Message_viewer__part0.html
2025-04-07 01:35:18,454 - INFO - Processing file: C:\Durgesh\Office\Automation\Monkey\Monkey\media\astrex_html_logs\ID-7121-JCB_(JCB)_Message_viewer__part1.html
2025-04-07 01:35:18,459 - INFO - Finished processing file: C:\Durgesh\Office\Automation\Monkey\Monkey\media\astrex_html_logs\ID-7121-JCB_(JCB)_Message_viewer__part1.html
2025-04-07 01:35:24,930 - INFO - Finished processing file: C:\Durgesh\Office\Automation\Monkey\Monkey\media\astrex_html_logs\ID-7121-JCB_(JCB)_Message_viewer__part0.html
2025-04-07 01:39:37,007 - INFO - Processing file: C:\Durgesh\Office\Automation\Monkey\Monkey\media\astrex_html_logs\ID-7121-Visa_BASE_I_(Standard)_Message_viewer__part0_part1.html
2025-04-07 01:39:37,007 - INFO - Finished processing file: C:\Durgesh\Office\Automation\Monkey\Monkey\media\astrex_html_logs\ID-7121-Visa_BASE_I_(Standard)_Message_viewer__part0_part1.html
2025-04-07 01:39:37,020 - INFO - Processing file: C:\Durgesh\Office\Automation\Monkey\Monkey\media\astrex_html_logs\ID-7121-Visa_BASE_I_(Standard)_Message_viewer__part0_part0.html
2025-04-07 01:39:37,057 - INFO - Finished processing file: C:\Durgesh\Office\Automation\Monkey\Monkey\media\astrex_html_logs\ID-7121-Visa_BASE_I_(Standard)_Message_viewer__part0_part0.html
2025-04-07 01:40:38,810 - INFO - Processing file: C:\Durgesh\Office\Automation\Monkey\Monkey\media\astrex_html_logs\ID-7121-Visa_BASE_I_(Standard)_Message_viewer__part0_part0.html
2025-04-07 01:40:38,833 - INFO - Processing file: C:\Durgesh\Office\Automation\Monkey\Monkey\media\astrex_html_logs\ID-7121-Visa_BASE_I_(Standard)_Message_viewer__part0_part1.html
2025-04-07 01:40:38,834 - INFO - Finished processing file: C:\Durgesh\Office\Automation\Monkey\Monkey\media\astrex_html_logs\ID-7121-Visa_BASE_I_(Standard)_Message_viewer__part0_part1.html
2025-04-07 01:40:38,855 - INFO - Finished processing file: C:\Durgesh\Office\Automation\Monkey\Monkey\media\astrex_html_logs\ID-7121-Visa_BASE_I_(Standard)_Message_viewer__part0_part0.html
2025-04-07 01:40:46,806 - INFO - Processing file: C:\Durgesh\Office\Automation\Monkey\Monkey\media\astrex_html_logs\ID-7121-JCB_(JCB)_Message_viewer__part0.html
2025-04-07 01:40:46,832 - INFO - Processing file: C:\Durgesh\Office\Automation\Monkey\Monkey\media\astrex_html_logs\ID-7121-JCB_(JCB)_Message_viewer__part1.html
2025-04-07 01:40:46,835 - INFO - Finished processing file: C:\Durgesh\Office\Automation\Monkey\Monkey\media\astrex_html_logs\ID-7121-JCB_(JCB)_Message_viewer__part1.html
2025-04-07 01:40:54,281 - INFO - Finished processing file: C:\Durgesh\Office\Automation\Monkey\Monkey\media\astrex_html_logs\ID-7121-JCB_(JCB)_Message_viewer__part0.html
2025-04-07 01:42:31,801 - INFO - Processing file: C:\Durgesh\Office\Automation\Monkey\Monkey\media\astrex_html_logs\ID-7121-Visa_BASE_I_(Standard)_Message_viewer__part3.html
2025-04-07 01:42:31,809 - INFO - Processing file: C:\Durgesh\Office\Automation\Monkey\Monkey\media\astrex_html_logs\ID-7121-Visa_BASE_I_(Standard)_Message_viewer__part1.html
2025-04-07 01:42:31,882 - INFO - Processing file: C:\Durgesh\Office\Automation\Monkey\Monkey\media\astrex_html_logs\ID-7121-Visa_BASE_I_(Standard)_Message_viewer__part4.html
2025-04-07 01:42:31,882 - INFO - Processing file: C:\Durgesh\Office\Automation\Monkey\Monkey\media\astrex_html_logs\ID-7121-Visa_BASE_I_(Standard)_Message_viewer__part6.html
2025-04-07 01:42:31,882 - INFO - Processing file: C:\Durgesh\Office\Automation\Monkey\Monkey\media\astrex_html_logs\ID-7121-Visa_BASE_I_(Standard)_Message_viewer__part5.html
2025-04-07 01:42:31,882 - INFO - Processing file: C:\Durgesh\Office\Automation\Monkey\Monkey\media\astrex_html_logs\ID-7121-Visa_BASE_I_(Standard)_Message_viewer__part7.html
2025-04-07 01:42:31,903 - INFO - Processing file: C:\Durgesh\Office\Automation\Monkey\Monkey\media\astrex_html_logs\ID-7121-Visa_BASE_I_(Standard)_Message_viewer__part0.html
2025-04-07 01:42:32,199 - INFO - Processing file: C:\Durgesh\Office\Automation\Monkey\Monkey\media\astrex_html_logs\ID-7121-Visa_BASE_I_(Standard)_Message_viewer__part9.html
2025-04-07 01:43:49,263 - INFO - Finished processing file: C:\Durgesh\Office\Automation\Monkey\Monkey\media\astrex_html_logs\ID-7121-Visa_BASE_I_(Standard)_Message_viewer__part4.html
2025-04-07 01:43:49,557 - INFO - Processing file: C:\Durgesh\Office\Automation\Monkey\Monkey\media\astrex_html_logs\ID-7121-Visa_BASE_I_(Standard)_Message_viewer__part10.html
2025-04-07 01:43:51,241 - INFO - Finished processing file: C:\Durgesh\Office\Automation\Monkey\Monkey\media\astrex_html_logs\ID-7121-Visa_BASE_I_(Standard)_Message_viewer__part6.html
2025-04-07 01:43:51,334 - INFO - Processing file: C:\Durgesh\Office\Automation\Monkey\Monkey\media\astrex_html_logs\ID-7121-Visa_BASE_I_(Standard)_Message_viewer__part11.html
2025-04-07 01:43:55,706 - INFO - Finished processing file: C:\Durgesh\Office\Automation\Monkey\Monkey\media\astrex_html_logs\ID-7121-Visa_BASE_I_(Standard)_Message_viewer__part5.html
2025-04-07 01:43:55,869 - INFO - Processing file: C:\Durgesh\Office\Automation\Monkey\Monkey\media\astrex_html_logs\ID-7121-Visa_BASE_I_(Standard)_Message_viewer__part12.html
2025-04-07 01:43:57,418 - INFO - Finished processing file: C:\Durgesh\Office\Automation\Monkey\Monkey\media\astrex_html_logs\ID-7121-Visa_BASE_I_(Standard)_Message_viewer__part8.html
2025-04-07 01:43:57,633 - INFO - Processing file: C:\Durgesh\Office\Automation\Monkey\Monkey\media\astrex_html_logs\ID-7121-Visa_BASE_I_(Standard)_Message_viewer__part13.html
2025-04-07 01:44:00,565 - INFO - Finished processing file: C:\Durgesh\Office\Automation\Monkey\Monkey\media\astrex_html_logs\ID-7121-Visa_BASE_I_(Standard)_Message_viewer__part3.html
2025-04-07 01:44:00,591 - INFO - Processing file: C:\Durgesh\Office\Automation\Monkey\Monkey\media\astrex_html_logs\ID-7121-Visa_BASE_I_(Standard)_Message_viewer__part14.html
2025-04-07 01:44:03,006 - INFO - Finished processing file: C:\Durgesh\Office\Automation\Monkey\Monkey\media\astrex_html_logs\ID-7121-Visa_BASE_I_(Standard)_Message_viewer__part7.html
2025-04-07 01:44:03,710 - INFO - Processing file: C:\Durgesh\Office\Automation\Monkey\Monkey\media\astrex_html_logs\ID-7121-Visa_BASE_I_(Standard)_Message_viewer__part15.html
2025-04-07 01:44:07,513 - INFO - Finished processing file: C:\Durgesh\Office\Automation\Monkey\Monkey\media\astrex_html_logs\ID-7121-Visa_BASE_I_(Standard)_Message_viewer__part1.html
2025-04-07 01:44:07,896 - INFO - Processing file: C:\Durgesh\Office\Automation\Monkey\Monkey\media\astrex_html_logs\ID-7121-Visa_BASE_I_(Standard)_Message_viewer__part16.html
2025-04-07 01:44:15,900 - INFO - Finished processing file: C:\Durgesh\Office\Automation\Monkey\Monkey\media\astrex_html_logs\ID-7121-Visa_BASE_I_(Standard)_Message_viewer__part0.html
2025-04-07 01:44:15,956 - INFO - Processing file: C:\Durgesh\Office\Automation\Monkey\Monkey\media\astrex_html_logs\ID-7121-Visa_BASE_I_(Standard)_Message_viewer__part17.html
2025-04-07 01:44:19,822 - INFO - Finished processing file: C:\Durgesh\Office\Automation\Monkey\Monkey\media\astrex_html_logs\ID-7121-Visa_BASE_I_(Standard)_Message_viewer__part9.html
2025-04-07 01:44:19,903 - INFO - Processing file: C:\Durgesh\Office\Automation\Monkey\Monkey\media\astrex_html_logs\ID-7121-Visa_BASE_I_(Standard)_Message_viewer__part18.html
2025-04-07 01:44:26,259 - INFO - Finished processing file: C:\Durgesh\Office\Automation\Monkey\Monkey\media\astrex_html_logs\ID-7121-Visa_BASE_I_(Standard)_Message_viewer__part2.html
2025-04-07 01:44:26,303 - INFO - Processing file: C:\Durgesh\Office\Automation\Monkey\Monkey\media\astrex_html_logs\ID-7121-Visa_BASE_I_(Standard)_Message_viewer__part19.html
2025-04-07 01:45:18,113 - INFO - Finished processing file: C:\Durgesh\Office\Automation\Monkey\Monkey\media\astrex_html_logs\ID-7121-Visa_BASE_I_(Standard)_Message_viewer__part15.html
2025-04-07 01:45:18,490 - INFO - Processing file: C:\Durgesh\Office\Automation\Monkey\Monkey\media\astrex_html_logs\ID-7121-Visa_BASE_I_(Standard)_Message_viewer__part20.html
2025-04-07 01:45:28,295 - INFO - Finished processing file: C:\Durgesh\Office\Automation\Monkey\Monkey\media\astrex_html_logs\ID-7121-Visa_BASE_I_(Standard)_Message_viewer__part12.html
2025-04-07 01:45:28,322 - INFO - Processing file: C:\Durgesh\Office\Automation\Monkey\Monkey\media\astrex_html_logs\ID-7121-Visa_BASE_I_(Standard)_Message_viewer__part21.html
2025-04-07 01:45:29,591 - INFO - Finished processing file: C:\Durgesh\Office\Automation\Monkey\Monkey\media\astrex_html_logs\ID-7121-Visa_BASE_I_(Standard)_Message_viewer__part11.html
2025-04-07 01:45:29,599 - INFO - Processing file: C:\Durgesh\Office\Automation\Monkey\Monkey\media\astrex_html_logs\ID-7121-Visa_BASE_I_(Standard)_Message_viewer__part22.html
2025-04-07 01:45:34,882 - INFO - Finished processing file: C:\Durgesh\Office\Automation\Monkey\Monkey\media\astrex_html_logs\ID-7121-Visa_BASE_I_(Standard)_Message_viewer__part10.html
2025-04-07 01:45:34,981 - INFO - Processing file: C:\Durgesh\Office\Automation\Monkey\Monkey\media\astrex_html_logs\ID-7121-Visa_BASE_I_(Standard)_Message_viewer__part23.html
2025-04-07 01:45:35,083 - INFO - Finished processing file: C:\Durgesh\Office\Automation\Monkey\Monkey\media\astrex_html_logs\ID-7121-Visa_BASE_I_(Standard)_Message_viewer__part18.html
2025-04-07 01:45:35,706 - INFO - Finished processing file: C:\Durgesh\Office\Automation\Monkey\Monkey\media\astrex_html_logs\ID-7121-Visa_BASE_I_(Standard)_Message_viewer__part23.html
2025-04-07 01:45:36,995 - INFO - Finished processing file: C:\Durgesh\Office\Automation\Monkey\Monkey\media\astrex_html_logs\ID-7121-Visa_BASE_I_(Standard)_Message_viewer__part13.html
2025-04-07 01:45:39,657 - INFO - Finished processing file: C:\Durgesh\Office\Automation\Monkey\Monkey\media\astrex_html_logs\ID-7121-Visa_BASE_I_(Standard)_Message_viewer__part19.html
2025-04-07 01:45:39,877 - INFO - Finished processing file: C:\Durgesh\Office\Automation\Monkey\Monkey\media\astrex_html_logs\ID-7121-Visa_BASE_I_(Standard)_Message_viewer__part17.html
2025-04-07 01:45:41,576 - INFO - Finished processing file: C:\Durgesh\Office\Automation\Monkey\Monkey\media\astrex_html_logs\ID-7121-Visa_BASE_I_(Standard)_Message_viewer__part16.html
2025-04-07 01:45:45,395 - INFO - Finished processing file: C:\Durgesh\Office\Automation\Monkey\Monkey\media\astrex_html_logs\ID-7121-Visa_BASE_I_(Standard)_Message_viewer__part14.html
2025-04-07 01:46:17,443 - INFO - Finished processing file: C:\Durgesh\Office\Automation\Monkey\Monkey\media\astrex_html_logs\ID-7121-Visa_BASE_I_(Standard)_Message_viewer__part22.html
2025-04-07 01:46:20,160 - INFO - Finished processing file: C:\Durgesh\Office\Automation\Monkey\Monkey\media\astrex_html_logs\ID-7121-Visa_BASE_I_(Standard)_Message_viewer__part20.html
2025-04-07 01:46:22,807 - INFO - Finished processing file: C:\Durgesh\Office\Automation\Monkey\Monkey\media\astrex_html_logs\ID-7121-Visa_BASE_I_(Standard)_Message_viewer__part21.html
2025-04-07 01:47:01,853 - INFO - Processing file: C:\Durgesh\Office\Automation\Monkey\Monkey\media\astrex_html_logs\ID-7121-Visa_BASE_I_(Standard)_Message_viewer__part2.html with conditions: ['400851']
2025-04-07 01:47:01,880 - INFO - Processing file: C:\Durgesh\Office\Automation\Monkey\Monkey\media\astrex_html_logs\ID-7121-Visa_BASE_I_(Standard)_Message_viewer__part3.html with conditions: ['400851']
2025-04-07 01:47:01,977 - INFO - Processing file: C:\Durgesh\Office\Automation\Monkey\Monkey\media\astrex_html_logs\ID-7121-Visa_BASE_I_(Standard)_Message_viewer__part8.html with conditions: ['400851']
2025-04-07 01:47:01,982 - INFO - Processing file: C:\Durgesh\Office\Automation\Monkey\Monkey\media\astrex_html_logs\ID-7121-Visa_BASE_I_(Standard)_Message_viewer__part16.html with conditions: ['400851']
2025-04-07 01:47:02,142 - INFO - Processing file: C:\Durgesh\Office\Automation\Monkey\Monkey\media\astrex_html_logs\ID-7121-Visa_BASE_I_(Standard)_Message_viewer__part18.html with conditions: ['400851']
2025-04-07 01:47:02,478 - INFO - Processing file: C:\Durgesh\Office\Automation\Monkey\Monkey\media\astrex_html_logs\ID-7121-Visa_BASE_I_(Standard)_Message_viewer__part19.html with conditions: ['400851']
2025-04-07 01:47:02,530 - INFO - Processing file: C:\Durgesh\Office\Automation\Monkey\Monkey\media\astrex_html_logs\ID-7121-Visa_BASE_I_(Standard)_Message_viewer__part20.html with conditions: ['400851']
2025-04-07 01:47:10,753 - INFO - Filtered HTML appended to C:\Durgesh\Office\Automation\Monkey\Monkey\media\astrex_html_logs\ID-7121-Visa_BASE_I_(Standard)_Message_viewer_filtered_400851.html
2025-04-07 01:47:11,045 - INFO - Filtered HTML appended to C:\Durgesh\Office\Automation\Monkey\Monkey\media\astrex_html_logs\ID-7121-Visa_BASE_I_(Standard)_Message_viewer_filtered_400851.html
2025-04-07 01:47:11,175 - INFO - Filtered HTML appended to C:\Durgesh\Office\Automation\Monkey\Monkey\media\astrex_html_logs\ID-7121-Visa_BASE_I_(Standard)_Message_viewer_filtered_400851.html
2025-04-07 01:47:11,208 - INFO - Filtered HTML appended to C:\Durgesh\Office\Automation\Monkey\Monkey\media\astrex_html_logs\ID-7121-Visa_BASE_I_(Standard)_Message_viewer_filtered_400851.html
2025-04-07 01:47:11,517 - INFO - Filtered HTML appended to C:\Durgesh\Office\Automation\Monkey\Monkey\media\astrex_html_logs\ID-7121-Visa_BASE_I_(Standard)_Message_viewer_filtered_400851.html
2025-04-07 01:47:11,544 - INFO - Filtered HTML appended to C:\Durgesh\Office\Automation\Monkey\Monkey\media\astrex_html_logs\ID-7121-Visa_BASE_I_(Standard)_Message_viewer_filtered_400851.html
2025-04-07 01:47:11,608 - INFO - Filtered HTML appended to C:\Durgesh\Office\Automation\Monkey\Monkey\media\astrex_html_logs\ID-7121-Visa_BASE_I_(Standard)_Message_viewer_filtered_400851.html
2025-04-07 01:47:35,477 - INFO - Processing file: C:\Durgesh\Office\Automation\Monkey\Monkey\media\astrex_html_logs\ID-7121-Visa_BASE_I_(Standard)_Message_viewer__part0_part0.html
2025-04-07 01:47:35,480 - INFO - Processing file: C:\Durgesh\Office\Automation\Monkey\Monkey\media\astrex_html_logs\ID-7121-Visa_BASE_I_(Standard)_Message_viewer__part0_part1.html
2025-04-07 01:47:35,486 - INFO - Finished processing file: C:\Durgesh\Office\Automation\Monkey\Monkey\media\astrex_html_logs\ID-7121-Visa_BASE_I_(Standard)_Message_viewer__part0_part1.html
2025-04-07 01:47:35,546 - INFO - Finished processing file: C:\Durgesh\Office\Automation\Monkey\Monkey\media\astrex_html_logs\ID-7121-Visa_BASE_I_(Standard)_Message_viewer__part0_part0.html
2025-04-07 01:47:40,364 - INFO - Processing file: C:\Durgesh\Office\Automation\Monkey\Monkey\media\astrex_html_logs\ID-7121-Visa_BASE_I_(Standard)_Message_viewer__part0_part0.html with conditions: ['456896']
2025-04-07 01:47:40,380 - INFO - Filtered HTML appended to C:\Durgesh\Office\Automation\Monkey\Monkey\media\astrex_html_logs\ID-7121-Visa_BASE_I_(Standard)_Message_viewer_filtered_456896.html
2025-04-07 01:49:54,456 - INFO - Processing file: C:\Durgesh\Office\Automation\Monkey\Monkey\media\astrex_html_logs\ID-7121-Visa_BASE_I_(Standard)_Message_viewer__part0_part0.html
2025-04-07 01:49:54,473 - INFO - Processing file: C:\Durgesh\Office\Automation\Monkey\Monkey\media\astrex_html_logs\ID-7121-Visa_BASE_I_(Standard)_Message_viewer__part0_part1.html
2025-04-07 01:49:54,497 - INFO - Finished processing file: C:\Durgesh\Office\Automation\Monkey\Monkey\media\astrex_html_logs\ID-7121-Visa_BASE_I_(Standard)_Message_viewer__part0_part1.html
2025-04-07 01:49:54,536 - INFO - Finished processing file: C:\Durgesh\Office\Automation\Monkey\Monkey\media\astrex_html_logs\ID-7121-Visa_BASE_I_(Standard)_Message_viewer__part0_part0.html
2025-04-07 01:50:34,844 - INFO - Processing file: C:\Durgesh\Office\Automation\Monkey\Monkey\media\astrex_html_logs\ID-7121-Visa_BASE_I_(Standard)_Message_viewer__part0_part0.html
2025-04-07 01:50:34,858 - INFO - Processing file: C:\Durgesh\Office\Automation\Monkey\Monkey\media\astrex_html_logs\ID-7121-Visa_BASE_I_(Standard)_Message_viewer__part0_part1.html
2025-04-07 01:50:34,876 - INFO - Finished processing file: C:\Durgesh\Office\Automation\Monkey\Monkey\media\astrex_html_logs\ID-7121-Visa_BASE_I_(Standard)_Message_viewer__part0_part1.html
2025-04-07 01:50:34,933 - INFO - Finished processing file: C:\Durgesh\Office\Automation\Monkey\Monkey\media\astrex_html_logs\ID-7121-Visa_BASE_I_(Standard)_Message_viewer__part0_part0.html
2025-04-07 01:55:54,908 - INFO - Processing file: C:\Durgesh\Office\Automation\Monkey\Monkey\media\astrex_html_logs\ID-7121-Visa_BASE_I_(Standard)_Message_viewer__part0_part1.html
2025-04-07 01:55:54,912 - INFO - Finished processing file: C:\Durgesh\Office\Automation\Monkey\Monkey\media\astrex_html_logs\ID-7121-Visa_BASE_I_(Standard)_Message_viewer__part0_part1.html
2025-04-07 01:55:54,937 - INFO - Processing file: C:\Durgesh\Office\Automation\Monkey\Monkey\media\astrex_html_logs\ID-7121-Visa_BASE_I_(Standard)_Message_viewer__part0_part0.html
2025-04-07 01:55:55,038 - INFO - Finished processing file: C:\Durgesh\Office\Automation\Monkey\Monkey\media\astrex_html_logs\ID-7121-Visa_BASE_I_(Standard)_Message_viewer__part0_part0.html
2025-04-07 02:00:33,756 - INFO - Processing file: C:\Durgesh\Office\Automation\Monkey\Monkey\media\astrex_html_logs\ID-7121-Visa_BASE_I_(Standard)_Message_viewer__part0_part1.html
2025-04-07 02:00:33,779 - INFO - Finished processing file: C:\Durgesh\Office\Automation\Monkey\Monkey\media\astrex_html_logs\ID-7121-Visa_BASE_I_(Standard)_Message_viewer__part0_part1.html
2025-04-07 02:00:33,853 - INFO - Processing file: C:\Durgesh\Office\Automation\Monkey\Monkey\media\astrex_html_logs\ID-7121-Visa_BASE_I_(Standard)_Message_viewer__part0_part0.html
2025-04-07 02:00:33,942 - INFO - Finished processing file: C:\Durgesh\Office\Automation\Monkey\Monkey\media\astrex_html_logs\ID-7121-Visa_BASE_I_(Standard)_Message_viewer__part0_part0.html
2025-04-07 02:04:37,485 - INFO - Processing file: C:\Durgesh\Office\Automation\Monkey\Monkey\media\astrex_html_logs\ID-7121-Visa_BASE_I_(Standard)_Message_viewer__part0_part1.html
2025-04-07 02:04:37,506 - INFO - Processing file: C:\Durgesh\Office\Automation\Monkey\Monkey\media\astrex_html_logs\ID-7121-Visa_BASE_I_(Standard)_Message_viewer__part0_part0.html
2025-04-07 02:04:37,506 - INFO - Finished processing file: C:\Durgesh\Office\Automation\Monkey\Monkey\media\astrex_html_logs\ID-7121-Visa_BASE_I_(Standard)_Message_viewer__part0_part1.html
2025-04-07 02:04:37,603 - INFO - Finished processing file: C:\Durgesh\Office\Automation\Monkey\Monkey\media\astrex_html_logs\ID-7121-Visa_BASE_I_(Standard)_Message_viewer__part0_part0.html
2025-04-07 02:04:42,008 - INFO - Processing file: C:\Durgesh\Office\Automation\Monkey\Monkey\media\astrex_html_logs\ID-7121-Visa_BASE_I_(Standard)_Message_viewer__part0_part0.html with conditions: ['456896']
2025-04-07 02:04:42,025 - INFO - Filtered HTML appended to C:\Durgesh\Office\Automation\Monkey\Monkey\media\astrex_html_logs\ID-7121-Visa_BASE_I_(Standard)_Message_viewer_filtered_456896.html
2025-04-07 02:10:51,582 - INFO - Processing file: C:\Durgesh\Office\Automation\Monkey\Monkey\media\astrex_html_logs\ID-7121-JCB_(JCB)_Message_viewer__part0.html
2025-04-07 02:10:51,625 - INFO - Processing file: C:\Durgesh\Office\Automation\Monkey\Monkey\media\astrex_html_logs\ID-7121-JCB_(JCB)_Message_viewer__part1.html
2025-04-07 02:10:51,628 - INFO - Finished processing file: C:\Durgesh\Office\Automation\Monkey\Monkey\media\astrex_html_logs\ID-7121-JCB_(JCB)_Message_viewer__part1.html
2025-04-07 02:10:57,857 - INFO - Finished processing file: C:\Durgesh\Office\Automation\Monkey\Monkey\media\astrex_html_logs\ID-7121-JCB_(JCB)_Message_viewer__part0.html
2025-04-07 02:11:01,299 - INFO - Processing file: C:\Durgesh\Office\Automation\Monkey\Monkey\media\astrex_html_logs\ID-7121-JCB_(JCB)_Message_viewer__part0.html with conditions: ['88845000']
2025-04-07 02:11:03,340 - INFO - Filtered HTML appended to C:\Durgesh\Office\Automation\Monkey\Monkey\media\astrex_html_logs\ID-7121-JCB_(JCB)_Message_viewer_filtered_88845000.html
2025-04-07 02:12:23,806 - INFO - Processing file: C:\Durgesh\Office\Automation\Monkey\Monkey\media\astrex_html_logs\ID-7121-JCB_(JCB)_Message_viewer__part0.html
2025-04-07 02:12:23,861 - INFO - Processing file: C:\Durgesh\Office\Automation\Monkey\Monkey\media\astrex_html_logs\ID-7121-JCB_(JCB)_Message_viewer__part1.html
2025-04-07 02:12:23,876 - INFO - Finished processing file: C:\Durgesh\Office\Automation\Monkey\Monkey\media\astrex_html_logs\ID-7121-JCB_(JCB)_Message_viewer__part1.html
2025-04-07 02:12:29,438 - INFO - Finished processing file: C:\Durgesh\Office\Automation\Monkey\Monkey\media\astrex_html_logs\ID-7121-JCB_(JCB)_Message_viewer__part0.html
2025-04-07 02:12:55,521 - INFO - Processing file: C:\Durgesh\Office\Automation\Monkey\Monkey\media\astrex_html_logs\ID-7121-JCB_(JCB)_Message_viewer__part0.html
2025-04-07 02:12:55,553 - INFO - Processing file: C:\Durgesh\Office\Automation\Monkey\Monkey\media\astrex_html_logs\ID-7121-JCB_(JCB)_Message_viewer__part1.html
2025-04-07 02:12:55,553 - INFO - Finished processing file: C:\Durgesh\Office\Automation\Monkey\Monkey\media\astrex_html_logs\ID-7121-JCB_(JCB)_Message_viewer__part1.html
2025-04-07 02:13:01,825 - INFO - Finished processing file: C:\Durgesh\Office\Automation\Monkey\Monkey\media\astrex_html_logs\ID-7121-JCB_(JCB)_Message_viewer__part0.html
2025-04-07 02:13:50,055 - INFO - Processing file: C:\Durgesh\Office\Automation\Monkey\Monkey\media\astrex_html_logs\ID-7121-JCB_(JCB)_Message_viewer__part0.html
2025-04-07 02:13:50,057 - INFO - Processing file: C:\Durgesh\Office\Automation\Monkey\Monkey\media\astrex_html_logs\ID-7121-JCB_(JCB)_Message_viewer__part1.html
2025-04-07 02:13:50,057 - INFO - Finished processing file: C:\Durgesh\Office\Automation\Monkey\Monkey\media\astrex_html_logs\ID-7121-JCB_(JCB)_Message_viewer__part1.html
2025-04-07 02:13:56,903 - INFO - Finished processing file: C:\Durgesh\Office\Automation\Monkey\Monkey\media\astrex_html_logs\ID-7121-JCB_(JCB)_Message_viewer__part0.html
2025-04-07 02:15:28,106 - INFO - Processing file: C:\Durgesh\Office\Automation\Monkey\Monkey\media\astrex_html_logs\ID-7121-Visa_BASE_I_(Standard)_Message_viewer__part0_part0.html
2025-04-07 02:15:28,109 - INFO - Processing file: C:\Durgesh\Office\Automation\Monkey\Monkey\media\astrex_html_logs\ID-7121-Visa_BASE_I_(Standard)_Message_viewer__part0_part1.html
2025-04-07 02:15:28,116 - INFO - Finished processing file: C:\Durgesh\Office\Automation\Monkey\Monkey\media\astrex_html_logs\ID-7121-Visa_BASE_I_(Standard)_Message_viewer__part0_part1.html
2025-04-07 02:15:28,193 - INFO - Finished processing file: C:\Durgesh\Office\Automation\Monkey\Monkey\media\astrex_html_logs\ID-7121-Visa_BASE_I_(Standard)_Message_viewer__part0_part0.html
2025-04-07 02:16:27,908 - INFO - Processing file: C:\Durgesh\Office\Automation\Monkey\Monkey\media\astrex_html_logs\ID-7121-Visa_BASE_I_(Standard)_Message_viewer__part0_part1.html
2025-04-07 02:16:27,922 - INFO - Finished processing file: C:\Durgesh\Office\Automation\Monkey\Monkey\media\astrex_html_logs\ID-7121-Visa_BASE_I_(Standard)_Message_viewer__part0_part1.html
2025-04-07 02:16:27,938 - INFO - Processing file: C:\Durgesh\Office\Automation\Monkey\Monkey\media\astrex_html_logs\ID-7121-Visa_BASE_I_(Standard)_Message_viewer__part0_part0.html
2025-04-07 02:16:27,985 - INFO - Finished processing file: C:\Durgesh\Office\Automation\Monkey\Monkey\media\astrex_html_logs\ID-7121-Visa_BASE_I_(Standard)_Message_viewer__part0_part0.html
2025-04-07 02:17:00,953 - INFO - Processing file: C:\Durgesh\Office\Automation\Monkey\Monkey\media\astrex_html_logs\ID-7121-Visa_BASE_I_(Standard)_Message_viewer__part0_part1.html
2025-04-07 02:17:00,971 - INFO - Finished processing file: C:\Durgesh\Office\Automation\Monkey\Monkey\media\astrex_html_logs\ID-7121-Visa_BASE_I_(Standard)_Message_viewer__part0_part1.html
2025-04-07 02:17:00,972 - INFO - Processing file: C:\Durgesh\Office\Automation\Monkey\Monkey\media\astrex_html_logs\ID-7121-Visa_BASE_I_(Standard)_Message_viewer__part0_part0.html
2025-04-07 02:17:01,107 - INFO - Finished processing file: C:\Durgesh\Office\Automation\Monkey\Monkey\media\astrex_html_logs\ID-7121-Visa_BASE_I_(Standard)_Message_viewer__part0_part0.html
2025-04-07 02:17:25,795 - INFO - Processing file: C:\Durgesh\Office\Automation\Monkey\Monkey\media\astrex_html_logs\ID-7121-Visa_BASE_I_(Standard)_Message_viewer__part0_part1.html
2025-04-07 02:17:25,795 - INFO - Processing file: C:\Durgesh\Office\Automation\Monkey\Monkey\media\astrex_html_logs\ID-7121-Visa_BASE_I_(Standard)_Message_viewer__part0_part0.html
2025-04-07 02:17:25,802 - INFO - Finished processing file: C:\Durgesh\Office\Automation\Monkey\Monkey\media\astrex_html_logs\ID-7121-Visa_BASE_I_(Standard)_Message_viewer__part0_part1.html
2025-04-07 02:17:25,875 - INFO - Finished processing file: C:\Durgesh\Office\Automation\Monkey\Monkey\media\astrex_html_logs\ID-7121-Visa_BASE_I_(Standard)_Message_viewer__part0_part0.html
2025-04-07 02:17:31,657 - INFO - Processing file: C:\Durgesh\Office\Automation\Monkey\Monkey\media\astrex_html_logs\ID-7121-Visa_BASE_I_(Standard)_Message_viewer__part0_part0.html with conditions: ['456896']
2025-04-07 02:17:31,673 - INFO - Filtered HTML appended to C:\Durgesh\Office\Automation\Monkey\Monkey\media\astrex_html_logs\ID-7121-Visa_BASE_I_(Standard)_Message_viewer_filtered_456896.html
2025-04-07 02:17:51,030 - INFO - Processing file: C:\Durgesh\Office\Automation\Monkey\Monkey\media\astrex_html_logs\ID-7121-Visa_BASE_I_(Standard)_Message_viewer__part0_part0.html
2025-04-07 02:17:51,124 - INFO - Finished processing file: C:\Durgesh\Office\Automation\Monkey\Monkey\media\astrex_html_logs\ID-7121-Visa_BASE_I_(Standard)_Message_viewer__part0_part0.html
2025-04-07 02:17:51,145 - INFO - Processing file: C:\Durgesh\Office\Automation\Monkey\Monkey\media\astrex_html_logs\ID-7121-Visa_BASE_I_(Standard)_Message_viewer__part0_part1.html
2025-04-07 02:17:51,160 - INFO - Finished processing file: C:\Durgesh\Office\Automation\Monkey\Monkey\media\astrex_html_logs\ID-7121-Visa_BASE_I_(Standard)_Message_viewer__part0_part1.html
2025-04-07 02:17:54,147 - INFO - Processing file: C:\Durgesh\Office\Automation\Monkey\Monkey\media\astrex_html_logs\ID-7121-Visa_BASE_I_(Standard)_Message_viewer__part0_part0.html with conditions: ['456896']
2025-04-07 02:17:54,240 - INFO - Filtered HTML appended to C:\Durgesh\Office\Automation\Monkey\Monkey\media\astrex_html_logs\ID-7121-Visa_BASE_I_(Standard)_Message_viewer_filtered_456896.html
2025-04-07 02:19:32,309 - INFO - Processing file: C:\Durgesh\Office\Automation\Monkey\Monkey\media\astrex_html_logs\ID-7121-Visa_BASE_I_(Standard)_Message_viewer__part0_part0.html with conditions: ['456896']
2025-04-07 02:19:32,325 - INFO - Filtered HTML appended to C:\Durgesh\Office\Automation\Monkey\Monkey\media\astrex_html_logs\ID-7121-Visa_BASE_I_(Standard)_Message_viewer_filtered_456896.html
2025-04-07 02:29:40,579 - INFO - Processing file: C:\Durgesh\Office\Automation\Monkey\Monkey\media\astrex_html_logs\ID-7121-JCB_(JCB)_Message_viewer__part0.html
2025-04-07 02:29:40,648 - INFO - Processing file: C:\Durgesh\Office\Automation\Monkey\Monkey\media\astrex_html_logs\ID-7121-JCB_(JCB)_Message_viewer__part1.html
2025-04-07 02:29:40,663 - INFO - Finished processing file: C:\Durgesh\Office\Automation\Monkey\Monkey\media\astrex_html_logs\ID-7121-JCB_(JCB)_Message_viewer__part1.html
2025-04-07 02:29:48,480 - INFO - Finished processing file: C:\Durgesh\Office\Automation\Monkey\Monkey\media\astrex_html_logs\ID-7121-JCB_(JCB)_Message_viewer__part0.html
2025-04-07 02:29:53,046 - INFO - Processing file: C:\Durgesh\Office\Automation\Monkey\Monkey\media\astrex_html_logs\ID-7121-JCB_(JCB)_Message_viewer__part0.html with conditions: ['88845000']
2025-04-07 02:29:56,263 - INFO - Filtered HTML appended to C:\Durgesh\Office\Automation\Monkey\Monkey\media\astrex_html_logs\ID-7121-JCB_(JCB)_Message_viewer_filtered_88845000.html
